[ 2016-11-28T11:19:48+08:00 ] 221.232.52.45 /?m=Home&c=Payrecord&a=pay_now
INFO: [ app_begin ] --START--
INFO: Run Behavior\ReadHtmlCacheBehavior [ RunTime:0.000328s ]
INFO: [ app_begin ] --END-- [ RunTime:0.000592s ]
SQL: SHOW COLUMNS FROM `smart_payrecord` [ RunTime:0.0014s ]
SQL: SHOW COLUMNS FROM `smart_config` [ RunTime:0.0010s ]
SQL: SELECT `name`,`value` FROM `smart_config`  [ RunTime:0.0013s ]
NOTIC: [8] Undefined index: weixin /u02/vhi99/vhi_car/ThinkPHP/Library/Org/Weixinpay/Weixinpay.class.php 第 208 行.
NOTIC: [8] Use of undefined constant CURLOP_TIMEOUT - assumed 'CURLOP_TIMEOUT' /u02/vhi99/vhi_car/ThinkPHP/Library/Org/Weixinpay/Common_util_pub.class.php 第 259 行.
NOTIC: [2] curl_setopt() expects parameter 2 to be long, string given /u02/vhi99/vhi_car/ThinkPHP/Library/Org/Weixinpay/Common_util_pub.class.php 第 259 行.
NOTIC: [2] curl_close(): 38 is not a valid cURL handle resource /u02/vhi99/vhi_car/ThinkPHP/Library/Org/Weixinpay/Common_util_pub.class.php 第 299 行.
NOTIC: [8] Undefined index: err_code /u02/vhi99/vhi_car/ThinkPHP/Library/Org/Weixinpay/Weixinpay.class.php 第 232 行.

[ 2016-11-28T11:21:50+08:00 ] 221.232.52.45 /?m=Home&c=Payrecord&a=pay_now
INFO: [ app_begin ] --START--
INFO: Run Behavior\ReadHtmlCacheBehavior [ RunTime:0.000338s ]
INFO: [ app_begin ] --END-- [ RunTime:0.000605s ]
SQL: SHOW COLUMNS FROM `smart_payrecord` [ RunTime:0.0015s ]
SQL: SHOW COLUMNS FROM `smart_config` [ RunTime:0.0010s ]
SQL: SELECT `name`,`value` FROM `smart_config`  [ RunTime:0.0013s ]
NOTIC: [8] Undefined index: weixin /u02/vhi99/vhi_car/ThinkPHP/Library/Org/Weixinpay/Weixinpay.class.php 第 208 行.
NOTIC: [8] Use of undefined constant CURLOP_TIMEOUT - assumed 'CURLOP_TIMEOUT' /u02/vhi99/vhi_car/ThinkPHP/Library/Org/Weixinpay/Common_util_pub.class.php 第 259 行.
NOTIC: [2] curl_setopt() expects parameter 2 to be long, string given /u02/vhi99/vhi_car/ThinkPHP/Library/Org/Weixinpay/Common_util_pub.class.php 第 259 行.
NOTIC: [2] curl_close(): 38 is not a valid cURL handle resource /u02/vhi99/vhi_car/ThinkPHP/Library/Org/Weixinpay/Common_util_pub.class.php 第 299 行.

[ 2016-11-28T11:22:11+08:00 ] 221.232.52.45 /?m=Home&c=Payrecord&a=pay_now
INFO: [ app_begin ] --START--
INFO: Run Behavior\ReadHtmlCacheBehavior [ RunTime:0.000349s ]
INFO: [ app_begin ] --END-- [ RunTime:0.000599s ]
SQL: SHOW COLUMNS FROM `smart_payrecord` [ RunTime:0.0015s ]
SQL: SHOW COLUMNS FROM `smart_config` [ RunTime:0.0014s ]
SQL: SELECT `name`,`value` FROM `smart_config`  [ RunTime:0.0015s ]
NOTIC: [8] Undefined index: weixin /u02/vhi99/vhi_car/ThinkPHP/Library/Org/Weixinpay/Weixinpay.class.php 第 208 行.
NOTIC: [8] Use of undefined constant CURLOP_TIMEOUT - assumed 'CURLOP_TIMEOUT' /u02/vhi99/vhi_car/ThinkPHP/Library/Org/Weixinpay/Common_util_pub.class.php 第 259 行.
NOTIC: [2] curl_setopt() expects parameter 2 to be long, string given /u02/vhi99/vhi_car/ThinkPHP/Library/Org/Weixinpay/Common_util_pub.class.php 第 259 行.
NOTIC: [2] curl_close(): 38 is not a valid cURL handle resource /u02/vhi99/vhi_car/ThinkPHP/Library/Org/Weixinpay/Common_util_pub.class.php 第 299 行.
NOTIC: [8] Undefined index: err_code /u02/vhi99/vhi_car/ThinkPHP/Library/Org/Weixinpay/Weixinpay.class.php 第 232 行.

[ 2016-11-28T11:25:33+08:00 ] 221.232.52.45 /?m=Home&c=Payrecord&a=pay_now
INFO: [ app_begin ] --START--
INFO: Run Behavior\ReadHtmlCacheBehavior [ RunTime:0.000336s ]
INFO: [ app_begin ] --END-- [ RunTime:0.000575s ]
SQL: SHOW COLUMNS FROM `smart_payrecord` [ RunTime:0.0017s ]
SQL: SHOW COLUMNS FROM `smart_config` [ RunTime:0.0013s ]
SQL: SELECT `name`,`value` FROM `smart_config`  [ RunTime:0.0014s ]
NOTIC: [8] Undefined index: weixin /u02/vhi99/vhi_car/ThinkPHP/Library/Org/Weixinpay/Weixinpay.class.php 第 208 行.
NOTIC: [8] Use of undefined constant CURLOP_TIMEOUT - assumed 'CURLOP_TIMEOUT' /u02/vhi99/vhi_car/ThinkPHP/Library/Org/Weixinpay/Common_util_pub.class.php 第 259 行.
NOTIC: [2] curl_setopt() expects parameter 2 to be long, string given /u02/vhi99/vhi_car/ThinkPHP/Library/Org/Weixinpay/Common_util_pub.class.php 第 259 行.
NOTIC: [2] curl_close(): 38 is not a valid cURL handle resource /u02/vhi99/vhi_car/ThinkPHP/Library/Org/Weixinpay/Common_util_pub.class.php 第 299 行.
NOTIC: [8] Undefined index: err_code /u02/vhi99/vhi_car/ThinkPHP/Library/Org/Weixinpay/Weixinpay.class.php 第 232 行.

[ 2016-11-28T16:05:13+08:00 ] 101.226.51.227 /?m=Home&c=Car&=use_service
ERR: 非法操作:index

[ 2016-11-28T16:05:14+08:00 ] 180.153.201.15 /?m=Home&c=Car&=use_service
ERR: 非法操作:index

[ 2016-11-28T16:51:19+08:00 ] 221.232.52.45 /?m=Home&c=Payrecord&a=pay_now
INFO: [ app_begin ] --START--
INFO: Run Behavior\ReadHtmlCacheBehavior [ RunTime:0.000350s ]
INFO: [ app_begin ] --END-- [ RunTime:0.000587s ]
SQL: SHOW COLUMNS FROM `smart_payrecord` [ RunTime:0.0014s ]
SQL: SHOW COLUMNS FROM `smart_config` [ RunTime:0.0011s ]
SQL: SELECT `name`,`value` FROM `smart_config`  [ RunTime:0.0012s ]
NOTIC: [8] Undefined index: weixin /u02/vhi99/vhi_car/ThinkPHP/Library/Org/Weixinpay/Weixinpay.class.php 第 208 行.
NOTIC: [8] Use of undefined constant CURLOP_TIMEOUT - assumed 'CURLOP_TIMEOUT' /u02/vhi99/vhi_car/ThinkPHP/Library/Org/Weixinpay/Common_util_pub.class.php 第 259 行.
NOTIC: [2] curl_setopt() expects parameter 2 to be long, string given /u02/vhi99/vhi_car/ThinkPHP/Library/Org/Weixinpay/Common_util_pub.class.php 第 259 行.
NOTIC: [2] curl_close(): 38 is not a valid cURL handle resource /u02/vhi99/vhi_car/ThinkPHP/Library/Org/Weixinpay/Common_util_pub.class.php 第 299 行.
NOTIC: [8] Undefined index: err_code /u02/vhi99/vhi_car/ThinkPHP/Library/Org/Weixinpay/Weixinpay.class.php 第 232 行.

[ 2016-11-28T16:51:42+08:00 ] 221.232.52.45 /?m=Home&c=Payrecord&a=pay_now
INFO: [ app_begin ] --START--
INFO: Run Behavior\ReadHtmlCacheBehavior [ RunTime:0.000345s ]
INFO: [ app_begin ] --END-- [ RunTime:0.000579s ]
SQL: SHOW COLUMNS FROM `smart_payrecord` [ RunTime:0.0013s ]
SQL: SHOW COLUMNS FROM `smart_config` [ RunTime:0.0009s ]
SQL: SELECT `name`,`value` FROM `smart_config`  [ RunTime:0.0012s ]
NOTIC: [8] Undefined index: weixin /u02/vhi99/vhi_car/ThinkPHP/Library/Org/Weixinpay/Weixinpay.class.php 第 208 行.
NOTIC: [8] Use of undefined constant CURLOP_TIMEOUT - assumed 'CURLOP_TIMEOUT' /u02/vhi99/vhi_car/ThinkPHP/Library/Org/Weixinpay/Common_util_pub.class.php 第 259 行.
NOTIC: [2] curl_setopt() expects parameter 2 to be long, string given /u02/vhi99/vhi_car/ThinkPHP/Library/Org/Weixinpay/Common_util_pub.class.php 第 259 行.
NOTIC: [2] curl_close(): 38 is not a valid cURL handle resource /u02/vhi99/vhi_car/ThinkPHP/Library/Org/Weixinpay/Common_util_pub.class.php 第 299 行.

[ 2016-11-28T16:51:46+08:00 ] 221.232.52.45 /?m=Home&c=Payrecord&a=pay_now
INFO: [ app_begin ] --START--
INFO: Run Behavior\ReadHtmlCacheBehavior [ RunTime:0.000320s ]
INFO: [ app_begin ] --END-- [ RunTime:0.000551s ]
SQL: SHOW COLUMNS FROM `smart_payrecord` [ RunTime:0.0014s ]
SQL: SHOW COLUMNS FROM `smart_config` [ RunTime:0.0011s ]
SQL: SELECT `name`,`value` FROM `smart_config`  [ RunTime:0.0012s ]
NOTIC: [8] Undefined index: weixin /u02/vhi99/vhi_car/ThinkPHP/Library/Org/Weixinpay/Weixinpay.class.php 第 208 行.
NOTIC: [8] Use of undefined constant CURLOP_TIMEOUT - assumed 'CURLOP_TIMEOUT' /u02/vhi99/vhi_car/ThinkPHP/Library/Org/Weixinpay/Common_util_pub.class.php 第 259 行.
NOTIC: [2] curl_setopt() expects parameter 2 to be long, string given /u02/vhi99/vhi_car/ThinkPHP/Library/Org/Weixinpay/Common_util_pub.class.php 第 259 行.
NOTIC: [2] curl_close(): 38 is not a valid cURL handle resource /u02/vhi99/vhi_car/ThinkPHP/Library/Org/Weixinpay/Common_util_pub.class.php 第 299 行.

[ 2016-11-28T17:02:44+08:00 ] 223.104.20.144 /?m=Home&c=Payrecord&a=pay_now
INFO: [ app_begin ] --START--
INFO: Run Behavior\ReadHtmlCacheBehavior [ RunTime:0.000338s ]
INFO: [ app_begin ] --END-- [ RunTime:0.000574s ]
SQL: SHOW COLUMNS FROM `smart_payrecord` [ RunTime:0.0023s ]
SQL: SHOW COLUMNS FROM `smart_config` [ RunTime:0.0011s ]
SQL: SELECT `name`,`value` FROM `smart_config`  [ RunTime:0.0013s ]
NOTIC: [8] Undefined index: weixin /u02/vhi99/vhi_car/ThinkPHP/Library/Org/Weixinpay/Weixinpay.class.php 第 208 行.
NOTIC: [8] Use of undefined constant CURLOP_TIMEOUT - assumed 'CURLOP_TIMEOUT' /u02/vhi99/vhi_car/ThinkPHP/Library/Org/Weixinpay/Common_util_pub.class.php 第 259 行.
NOTIC: [2] curl_setopt() expects parameter 2 to be long, string given /u02/vhi99/vhi_car/ThinkPHP/Library/Org/Weixinpay/Common_util_pub.class.php 第 259 行.
NOTIC: [2] curl_close(): 38 is not a valid cURL handle resource /u02/vhi99/vhi_car/ThinkPHP/Library/Org/Weixinpay/Common_util_pub.class.php 第 299 行.
NOTIC: [8] Undefined index: err_code /u02/vhi99/vhi_car/ThinkPHP/Library/Org/Weixinpay/Weixinpay.class.php 第 232 行.

[ 2016-11-28T17:02:45+08:00 ] 223.104.20.144 /?m=Home&c=Payrecord&a=pay_now
INFO: [ app_begin ] --START--
INFO: Run Behavior\ReadHtmlCacheBehavior [ RunTime:0.000343s ]
INFO: [ app_begin ] --END-- [ RunTime:0.000613s ]
SQL: SHOW COLUMNS FROM `smart_payrecord` [ RunTime:0.0019s ]
SQL: SHOW COLUMNS FROM `smart_config` [ RunTime:0.0015s ]
SQL: SELECT `name`,`value` FROM `smart_config`  [ RunTime:0.0017s ]
NOTIC: [8] Undefined index: weixin /u02/vhi99/vhi_car/ThinkPHP/Library/Org/Weixinpay/Weixinpay.class.php 第 208 行.
NOTIC: [8] Use of undefined constant CURLOP_TIMEOUT - assumed 'CURLOP_TIMEOUT' /u02/vhi99/vhi_car/ThinkPHP/Library/Org/Weixinpay/Common_util_pub.class.php 第 259 行.
NOTIC: [2] curl_setopt() expects parameter 2 to be long, string given /u02/vhi99/vhi_car/ThinkPHP/Library/Org/Weixinpay/Common_util_pub.class.php 第 259 行.
NOTIC: [2] curl_close(): 38 is not a valid cURL handle resource /u02/vhi99/vhi_car/ThinkPHP/Library/Org/Weixinpay/Common_util_pub.class.php 第 299 行.
NOTIC: [8] Undefined index: err_code /u02/vhi99/vhi_car/ThinkPHP/Library/Org/Weixinpay/Weixinpay.class.php 第 232 行.

