[ 2016-11-27T12:33:05+08:00 ] 117.151.110.235 /?m=Home&c=Payrecord&a=pay_now
INFO: [ app_begin ] --START--
INFO: Run Behavior\ReadHtmlCacheBehavior [ RunTime:0.000346s ]
INFO: [ app_begin ] --END-- [ RunTime:0.000575s ]
SQL: SHOW COLUMNS FROM `smart_payrecord` [ RunTime:0.0021s ]
SQL: SHOW COLUMNS FROM `smart_config` [ RunTime:0.0012s ]
SQL: SELECT `name`,`value` FROM `smart_config`  [ RunTime:0.0014s ]
NOTIC: [8] Undefined index: weixin /u02/vhi99/vhi_car/ThinkPHP/Library/Org/Weixinpay/Weixinpay.class.php 第 208 行.
NOTIC: [8] Use of undefined constant CURLOP_TIMEOUT - assumed 'CURLOP_TIMEOUT' /u02/vhi99/vhi_car/ThinkPHP/Library/Org/Weixinpay/Common_util_pub.class.php 第 259 行.
NOTIC: [2] curl_setopt() expects parameter 2 to be long, string given /u02/vhi99/vhi_car/ThinkPHP/Library/Org/Weixinpay/Common_util_pub.class.php 第 259 行.
NOTIC: [2] curl_close(): 38 is not a valid cURL handle resource /u02/vhi99/vhi_car/ThinkPHP/Library/Org/Weixinpay/Common_util_pub.class.php 第 299 行.

[ 2016-11-27T12:35:31+08:00 ] 117.151.110.235 /?m=Home&c=Payrecord&a=pay_now
INFO: [ app_begin ] --START--
INFO: Run Behavior\ReadHtmlCacheBehavior [ RunTime:0.000320s ]
INFO: [ app_begin ] --END-- [ RunTime:0.000570s ]
SQL: SHOW COLUMNS FROM `smart_payrecord` [ RunTime:0.0016s ]
SQL: SHOW COLUMNS FROM `smart_config` [ RunTime:0.0010s ]
SQL: SELECT `name`,`value` FROM `smart_config`  [ RunTime:0.0011s ]
NOTIC: [8] Undefined index: weixin /u02/vhi99/vhi_car/ThinkPHP/Library/Org/Weixinpay/Weixinpay.class.php 第 208 行.
NOTIC: [8] Use of undefined constant CURLOP_TIMEOUT - assumed 'CURLOP_TIMEOUT' /u02/vhi99/vhi_car/ThinkPHP/Library/Org/Weixinpay/Common_util_pub.class.php 第 259 行.
NOTIC: [2] curl_setopt() expects parameter 2 to be long, string given /u02/vhi99/vhi_car/ThinkPHP/Library/Org/Weixinpay/Common_util_pub.class.php 第 259 行.
NOTIC: [2] curl_close(): 38 is not a valid cURL handle resource /u02/vhi99/vhi_car/ThinkPHP/Library/Org/Weixinpay/Common_util_pub.class.php 第 299 行.
NOTIC: [8] Undefined index: err_code /u02/vhi99/vhi_car/ThinkPHP/Library/Org/Weixinpay/Weixinpay.class.php 第 232 行.

[ 2016-11-27T15:25:53+08:00 ] 119.103.174.125 /?m=Home&c=Payrecord&a=pay_now
INFO: [ app_begin ] --START--
INFO: Run Behavior\ReadHtmlCacheBehavior [ RunTime:0.000320s ]
INFO: [ app_begin ] --END-- [ RunTime:0.000571s ]
SQL: SHOW COLUMNS FROM `smart_payrecord` [ RunTime:0.0013s ]
SQL: SHOW COLUMNS FROM `smart_config` [ RunTime:0.0012s ]
SQL: SELECT `name`,`value` FROM `smart_config`  [ RunTime:0.0013s ]
NOTIC: [8] Undefined index: weixin /u02/vhi99/vhi_car/ThinkPHP/Library/Org/Weixinpay/Weixinpay.class.php 第 208 行.
NOTIC: [8] Use of undefined constant CURLOP_TIMEOUT - assumed 'CURLOP_TIMEOUT' /u02/vhi99/vhi_car/ThinkPHP/Library/Org/Weixinpay/Common_util_pub.class.php 第 259 行.
NOTIC: [2] curl_setopt() expects parameter 2 to be long, string given /u02/vhi99/vhi_car/ThinkPHP/Library/Org/Weixinpay/Common_util_pub.class.php 第 259 行.
NOTIC: [2] curl_close(): 38 is not a valid cURL handle resource /u02/vhi99/vhi_car/ThinkPHP/Library/Org/Weixinpay/Common_util_pub.class.php 第 299 行.
NOTIC: [8] Undefined index: err_code /u02/vhi99/vhi_car/ThinkPHP/Library/Org/Weixinpay/Weixinpay.class.php 第 232 行.

