[ 2016-11-30T10:23:32+08:00 ] 117.136.83.37 /?m=Home&c=Payrecord&a=pay_now
INFO: [ app_begin ] --START--
INFO: Run Behavior\ReadHtmlCacheBehavior [ RunTime:0.000342s ]
INFO: [ app_begin ] --END-- [ RunTime:0.000571s ]
SQL: SHOW COLUMNS FROM `smart_payrecord` [ RunTime:0.0020s ]
SQL: SHOW COLUMNS FROM `smart_config` [ RunTime:0.0017s ]
SQL: SELECT `name`,`value` FROM `smart_config`  [ RunTime:0.0013s ]
NOTIC: [8] Undefined index: weixin /u02/vhi99/vhi_car/ThinkPHP/Library/Org/Weixinpay/Weixinpay.class.php 第 208 行.
NOTIC: [8] Use of undefined constant CURLOP_TIMEOUT - assumed 'CURLOP_TIMEOUT' /u02/vhi99/vhi_car/ThinkPHP/Library/Org/Weixinpay/Common_util_pub.class.php 第 259 行.
NOTIC: [2] curl_setopt() expects parameter 2 to be long, string given /u02/vhi99/vhi_car/ThinkPHP/Library/Org/Weixinpay/Common_util_pub.class.php 第 259 行.
NOTIC: [2] curl_close(): 38 is not a valid cURL handle resource /u02/vhi99/vhi_car/ThinkPHP/Library/Org/Weixinpay/Common_util_pub.class.php 第 299 行.
NOTIC: [8] Undefined index: err_code /u02/vhi99/vhi_car/ThinkPHP/Library/Org/Weixinpay/Weixinpay.class.php 第 232 行.

[ 2016-11-30T12:35:04+08:00 ] 117.136.83.37 /?m=Home&c=Payrecord&a=pay_now
INFO: [ app_begin ] --START--
INFO: Run Behavior\ReadHtmlCacheBehavior [ RunTime:0.000344s ]
INFO: [ app_begin ] --END-- [ RunTime:0.000619s ]
SQL: SHOW COLUMNS FROM `smart_payrecord` [ RunTime:0.0015s ]
SQL: SHOW COLUMNS FROM `smart_config` [ RunTime:0.0019s ]
SQL: SELECT `name`,`value` FROM `smart_config`  [ RunTime:0.0127s ]
NOTIC: [8] Undefined index: weixin /u02/vhi99/vhi_car/ThinkPHP/Library/Org/Weixinpay/Weixinpay.class.php 第 208 行.
NOTIC: [8] Use of undefined constant CURLOP_TIMEOUT - assumed 'CURLOP_TIMEOUT' /u02/vhi99/vhi_car/ThinkPHP/Library/Org/Weixinpay/Common_util_pub.class.php 第 259 行.
NOTIC: [2] curl_setopt() expects parameter 2 to be long, string given /u02/vhi99/vhi_car/ThinkPHP/Library/Org/Weixinpay/Common_util_pub.class.php 第 259 行.
NOTIC: [2] curl_close(): 38 is not a valid cURL handle resource /u02/vhi99/vhi_car/ThinkPHP/Library/Org/Weixinpay/Common_util_pub.class.php 第 299 行.
NOTIC: [8] Undefined index: err_code /u02/vhi99/vhi_car/ThinkPHP/Library/Org/Weixinpay/Weixinpay.class.php 第 232 行.

[ 2016-11-30T13:09:48+08:00 ] 171.82.225.177 /?m=Home&c=Payrecord&a=pay_now
INFO: [ app_begin ] --START--
INFO: Run Behavior\ReadHtmlCacheBehavior [ RunTime:0.000327s ]
INFO: [ app_begin ] --END-- [ RunTime:0.000592s ]
SQL: SHOW COLUMNS FROM `smart_payrecord` [ RunTime:0.0013s ]
SQL: SHOW COLUMNS FROM `smart_config` [ RunTime:0.0012s ]
SQL: SELECT `name`,`value` FROM `smart_config`  [ RunTime:0.0013s ]
NOTIC: [8] Undefined index: weixin /u02/vhi99/vhi_car/ThinkPHP/Library/Org/Weixinpay/Weixinpay.class.php 第 208 行.
NOTIC: [8] Use of undefined constant CURLOP_TIMEOUT - assumed 'CURLOP_TIMEOUT' /u02/vhi99/vhi_car/ThinkPHP/Library/Org/Weixinpay/Common_util_pub.class.php 第 259 行.
NOTIC: [2] curl_setopt() expects parameter 2 to be long, string given /u02/vhi99/vhi_car/ThinkPHP/Library/Org/Weixinpay/Common_util_pub.class.php 第 259 行.
NOTIC: [2] curl_close(): 38 is not a valid cURL handle resource /u02/vhi99/vhi_car/ThinkPHP/Library/Org/Weixinpay/Common_util_pub.class.php 第 299 行.

[ 2016-11-30T13:13:11+08:00 ] 171.82.225.177 /?m=Home&c=Payrecord&a=pay_now
INFO: [ app_begin ] --START--
INFO: Run Behavior\ReadHtmlCacheBehavior [ RunTime:0.000342s ]
INFO: [ app_begin ] --END-- [ RunTime:0.000572s ]
SQL: SHOW COLUMNS FROM `smart_payrecord` [ RunTime:0.0016s ]
SQL: SHOW COLUMNS FROM `smart_config` [ RunTime:0.0013s ]
SQL: SELECT `name`,`value` FROM `smart_config`  [ RunTime:0.0011s ]
NOTIC: [8] Undefined index: weixin /u02/vhi99/vhi_car/ThinkPHP/Library/Org/Weixinpay/Weixinpay.class.php 第 208 行.
NOTIC: [8] Use of undefined constant CURLOP_TIMEOUT - assumed 'CURLOP_TIMEOUT' /u02/vhi99/vhi_car/ThinkPHP/Library/Org/Weixinpay/Common_util_pub.class.php 第 259 行.
NOTIC: [2] curl_setopt() expects parameter 2 to be long, string given /u02/vhi99/vhi_car/ThinkPHP/Library/Org/Weixinpay/Common_util_pub.class.php 第 259 行.
NOTIC: [2] curl_close(): 38 is not a valid cURL handle resource /u02/vhi99/vhi_car/ThinkPHP/Library/Org/Weixinpay/Common_util_pub.class.php 第 299 行.
NOTIC: [8] Undefined index: err_code /u02/vhi99/vhi_car/ThinkPHP/Library/Org/Weixinpay/Weixinpay.class.php 第 232 行.

[ 2016-11-30T13:51:29+08:00 ] 221.232.52.45 /?m=Home&c=Payrecord&a=pay_now
INFO: [ app_begin ] --START--
INFO: Run Behavior\ReadHtmlCacheBehavior [ RunTime:0.000349s ]
INFO: [ app_begin ] --END-- [ RunTime:0.000601s ]
SQL: SHOW COLUMNS FROM `smart_payrecord` [ RunTime:0.0015s ]
SQL: SHOW COLUMNS FROM `smart_config` [ RunTime:0.0013s ]
SQL: SELECT `name`,`value` FROM `smart_config`  [ RunTime:0.0019s ]
NOTIC: [8] Undefined index: weixin /u02/vhi99/vhi_car/ThinkPHP/Library/Org/Weixinpay/Weixinpay.class.php 第 208 行.
NOTIC: [8] Use of undefined constant CURLOP_TIMEOUT - assumed 'CURLOP_TIMEOUT' /u02/vhi99/vhi_car/ThinkPHP/Library/Org/Weixinpay/Common_util_pub.class.php 第 259 行.
NOTIC: [2] curl_setopt() expects parameter 2 to be long, string given /u02/vhi99/vhi_car/ThinkPHP/Library/Org/Weixinpay/Common_util_pub.class.php 第 259 行.
NOTIC: [2] curl_close(): 38 is not a valid cURL handle resource /u02/vhi99/vhi_car/ThinkPHP/Library/Org/Weixinpay/Common_util_pub.class.php 第 299 行.

[ 2016-11-30T13:51:33+08:00 ] 221.232.52.45 /?m=Home&c=Payrecord&a=pay_now
INFO: [ app_begin ] --START--
INFO: Run Behavior\ReadHtmlCacheBehavior [ RunTime:0.000323s ]
INFO: [ app_begin ] --END-- [ RunTime:0.000554s ]
SQL: SHOW COLUMNS FROM `smart_payrecord` [ RunTime:0.0015s ]
SQL: SHOW COLUMNS FROM `smart_config` [ RunTime:0.0014s ]
SQL: SELECT `name`,`value` FROM `smart_config`  [ RunTime:0.0013s ]
NOTIC: [8] Undefined index: weixin /u02/vhi99/vhi_car/ThinkPHP/Library/Org/Weixinpay/Weixinpay.class.php 第 208 行.
NOTIC: [8] Use of undefined constant CURLOP_TIMEOUT - assumed 'CURLOP_TIMEOUT' /u02/vhi99/vhi_car/ThinkPHP/Library/Org/Weixinpay/Common_util_pub.class.php 第 259 行.
NOTIC: [2] curl_setopt() expects parameter 2 to be long, string given /u02/vhi99/vhi_car/ThinkPHP/Library/Org/Weixinpay/Common_util_pub.class.php 第 259 行.
NOTIC: [2] curl_close(): 38 is not a valid cURL handle resource /u02/vhi99/vhi_car/ThinkPHP/Library/Org/Weixinpay/Common_util_pub.class.php 第 299 行.

[ 2016-11-30T14:21:12+08:00 ] 221.232.52.45 /?m=Home&c=Payrecord&a=pay_now
INFO: [ app_begin ] --START--
INFO: Run Behavior\ReadHtmlCacheBehavior [ RunTime:0.000328s ]
INFO: [ app_begin ] --END-- [ RunTime:0.000638s ]
SQL: SHOW COLUMNS FROM `smart_payrecord` [ RunTime:0.0013s ]
SQL: SHOW COLUMNS FROM `smart_config` [ RunTime:0.0015s ]
SQL: SELECT `name`,`value` FROM `smart_config`  [ RunTime:0.0014s ]
NOTIC: [8] Undefined index: weixin /u02/vhi99/vhi_car/ThinkPHP/Library/Org/Weixinpay/Weixinpay.class.php 第 208 行.
NOTIC: [8] Use of undefined constant CURLOP_TIMEOUT - assumed 'CURLOP_TIMEOUT' /u02/vhi99/vhi_car/ThinkPHP/Library/Org/Weixinpay/Common_util_pub.class.php 第 259 行.
NOTIC: [2] curl_setopt() expects parameter 2 to be long, string given /u02/vhi99/vhi_car/ThinkPHP/Library/Org/Weixinpay/Common_util_pub.class.php 第 259 行.
NOTIC: [2] curl_close(): 38 is not a valid cURL handle resource /u02/vhi99/vhi_car/ThinkPHP/Library/Org/Weixinpay/Common_util_pub.class.php 第 299 行.
NOTIC: [8] Undefined index: err_code /u02/vhi99/vhi_car/ThinkPHP/Library/Org/Weixinpay/Weixinpay.class.php 第 232 行.

[ 2016-11-30T15:05:20+08:00 ] 171.82.225.177 /?m=Home&c=Payrecord&a=pay_now
INFO: [ app_begin ] --START--
INFO: Run Behavior\ReadHtmlCacheBehavior [ RunTime:0.000354s ]
INFO: [ app_begin ] --END-- [ RunTime:0.000585s ]
SQL: SHOW COLUMNS FROM `smart_payrecord` [ RunTime:0.0016s ]
SQL: SHOW COLUMNS FROM `smart_config` [ RunTime:0.0013s ]
SQL: SELECT `name`,`value` FROM `smart_config`  [ RunTime:0.0013s ]
NOTIC: [8] Undefined index: weixin /u02/vhi99/vhi_car/ThinkPHP/Library/Org/Weixinpay/Weixinpay.class.php 第 208 行.
NOTIC: [8] Use of undefined constant CURLOP_TIMEOUT - assumed 'CURLOP_TIMEOUT' /u02/vhi99/vhi_car/ThinkPHP/Library/Org/Weixinpay/Common_util_pub.class.php 第 259 行.
NOTIC: [2] curl_setopt() expects parameter 2 to be long, string given /u02/vhi99/vhi_car/ThinkPHP/Library/Org/Weixinpay/Common_util_pub.class.php 第 259 行.
NOTIC: [2] curl_close(): 38 is not a valid cURL handle resource /u02/vhi99/vhi_car/ThinkPHP/Library/Org/Weixinpay/Common_util_pub.class.php 第 299 行.
NOTIC: [8] Undefined index: err_code /u02/vhi99/vhi_car/ThinkPHP/Library/Org/Weixinpay/Weixinpay.class.php 第 232 行.

[ 2016-11-30T15:06:19+08:00 ] 171.82.225.177 /?m=Home&c=Payrecord&a=pay_now
INFO: [ app_begin ] --START--
INFO: Run Behavior\ReadHtmlCacheBehavior [ RunTime:0.000323s ]
INFO: [ app_begin ] --END-- [ RunTime:0.000574s ]
SQL: SHOW COLUMNS FROM `smart_payrecord` [ RunTime:0.0013s ]
SQL: SHOW COLUMNS FROM `smart_config` [ RunTime:0.0009s ]
SQL: SELECT `name`,`value` FROM `smart_config`  [ RunTime:0.0014s ]
NOTIC: [8] Undefined index: weixin /u02/vhi99/vhi_car/ThinkPHP/Library/Org/Weixinpay/Weixinpay.class.php 第 208 行.
NOTIC: [8] Use of undefined constant CURLOP_TIMEOUT - assumed 'CURLOP_TIMEOUT' /u02/vhi99/vhi_car/ThinkPHP/Library/Org/Weixinpay/Common_util_pub.class.php 第 259 行.
NOTIC: [2] curl_setopt() expects parameter 2 to be long, string given /u02/vhi99/vhi_car/ThinkPHP/Library/Org/Weixinpay/Common_util_pub.class.php 第 259 行.
NOTIC: [2] curl_close(): 38 is not a valid cURL handle resource /u02/vhi99/vhi_car/ThinkPHP/Library/Org/Weixinpay/Common_util_pub.class.php 第 299 行.
NOTIC: [8] Undefined index: err_code /u02/vhi99/vhi_car/ThinkPHP/Library/Org/Weixinpay/Weixinpay.class.php 第 232 行.

[ 2016-11-30T15:07:14+08:00 ] 171.82.225.177 /?m=Home&c=Payrecord&a=pay_now
INFO: [ app_begin ] --START--
INFO: Run Behavior\ReadHtmlCacheBehavior [ RunTime:0.000322s ]
INFO: [ app_begin ] --END-- [ RunTime:0.000574s ]
SQL: SHOW COLUMNS FROM `smart_payrecord` [ RunTime:0.0016s ]
SQL: SHOW COLUMNS FROM `smart_config` [ RunTime:0.0011s ]
SQL: SELECT `name`,`value` FROM `smart_config`  [ RunTime:0.0015s ]
NOTIC: [8] Undefined index: weixin /u02/vhi99/vhi_car/ThinkPHP/Library/Org/Weixinpay/Weixinpay.class.php 第 208 行.
NOTIC: [8] Use of undefined constant CURLOP_TIMEOUT - assumed 'CURLOP_TIMEOUT' /u02/vhi99/vhi_car/ThinkPHP/Library/Org/Weixinpay/Common_util_pub.class.php 第 259 行.
NOTIC: [2] curl_setopt() expects parameter 2 to be long, string given /u02/vhi99/vhi_car/ThinkPHP/Library/Org/Weixinpay/Common_util_pub.class.php 第 259 行.
NOTIC: [2] curl_close(): 38 is not a valid cURL handle resource /u02/vhi99/vhi_car/ThinkPHP/Library/Org/Weixinpay/Common_util_pub.class.php 第 299 行.
NOTIC: [8] Undefined index: err_code /u02/vhi99/vhi_car/ThinkPHP/Library/Org/Weixinpay/Weixinpay.class.php 第 232 行.

[ 2016-11-30T15:18:52+08:00 ] 171.82.225.177 /?m=Home&c=Payrecord&a=pay_now
INFO: [ app_begin ] --START--
INFO: Run Behavior\ReadHtmlCacheBehavior [ RunTime:0.000352s ]
INFO: [ app_begin ] --END-- [ RunTime:0.000589s ]
SQL: SHOW COLUMNS FROM `smart_payrecord` [ RunTime:0.0017s ]
SQL: SHOW COLUMNS FROM `smart_config` [ RunTime:0.0013s ]
SQL: SELECT `name`,`value` FROM `smart_config`  [ RunTime:0.0028s ]
NOTIC: [8] Undefined index: weixin /u02/vhi99/vhi_car/ThinkPHP/Library/Org/Weixinpay/Weixinpay.class.php 第 208 行.
NOTIC: [8] Use of undefined constant CURLOP_TIMEOUT - assumed 'CURLOP_TIMEOUT' /u02/vhi99/vhi_car/ThinkPHP/Library/Org/Weixinpay/Common_util_pub.class.php 第 259 行.
NOTIC: [2] curl_setopt() expects parameter 2 to be long, string given /u02/vhi99/vhi_car/ThinkPHP/Library/Org/Weixinpay/Common_util_pub.class.php 第 259 行.
NOTIC: [2] curl_close(): 38 is not a valid cURL handle resource /u02/vhi99/vhi_car/ThinkPHP/Library/Org/Weixinpay/Common_util_pub.class.php 第 299 行.
NOTIC: [8] Undefined index: err_code /u02/vhi99/vhi_car/ThinkPHP/Library/Org/Weixinpay/Weixinpay.class.php 第 232 行.

[ 2016-11-30T15:21:44+08:00 ] 171.82.225.177 /?m=Home&c=Payrecord&a=pay_now
INFO: [ app_begin ] --START--
INFO: Run Behavior\ReadHtmlCacheBehavior [ RunTime:0.000327s ]
INFO: [ app_begin ] --END-- [ RunTime:0.000577s ]
SQL: SHOW COLUMNS FROM `smart_payrecord` [ RunTime:0.0013s ]
SQL: SHOW COLUMNS FROM `smart_config` [ RunTime:0.0012s ]
SQL: SELECT `name`,`value` FROM `smart_config`  [ RunTime:0.0014s ]
NOTIC: [8] Undefined index: weixin /u02/vhi99/vhi_car/ThinkPHP/Library/Org/Weixinpay/Weixinpay.class.php 第 208 行.
NOTIC: [8] Use of undefined constant CURLOP_TIMEOUT - assumed 'CURLOP_TIMEOUT' /u02/vhi99/vhi_car/ThinkPHP/Library/Org/Weixinpay/Common_util_pub.class.php 第 259 行.
NOTIC: [2] curl_setopt() expects parameter 2 to be long, string given /u02/vhi99/vhi_car/ThinkPHP/Library/Org/Weixinpay/Common_util_pub.class.php 第 259 行.
NOTIC: [2] curl_close(): 38 is not a valid cURL handle resource /u02/vhi99/vhi_car/ThinkPHP/Library/Org/Weixinpay/Common_util_pub.class.php 第 299 行.
NOTIC: [8] Undefined index: err_code /u02/vhi99/vhi_car/ThinkPHP/Library/Org/Weixinpay/Weixinpay.class.php 第 232 行.

[ 2016-11-30T15:40:28+08:00 ] 171.82.225.177 /?m=Home&c=Payrecord&a=pay_now
INFO: [ app_begin ] --START--
INFO: Run Behavior\ReadHtmlCacheBehavior [ RunTime:0.000575s ]
INFO: [ app_begin ] --END-- [ RunTime:0.000971s ]
SQL: SHOW COLUMNS FROM `smart_payrecord` [ RunTime:0.0015s ]
SQL: SHOW COLUMNS FROM `smart_config` [ RunTime:0.0043s ]
SQL: SELECT `name`,`value` FROM `smart_config`  [ RunTime:0.0015s ]
NOTIC: [8] Undefined index: weixin /u02/vhi99/vhi_car/ThinkPHP/Library/Org/Weixinpay/Weixinpay.class.php 第 208 行.
NOTIC: [8] Use of undefined constant CURLOP_TIMEOUT - assumed 'CURLOP_TIMEOUT' /u02/vhi99/vhi_car/ThinkPHP/Library/Org/Weixinpay/Common_util_pub.class.php 第 259 行.
NOTIC: [2] curl_setopt() expects parameter 2 to be long, string given /u02/vhi99/vhi_car/ThinkPHP/Library/Org/Weixinpay/Common_util_pub.class.php 第 259 行.
NOTIC: [2] curl_close(): 38 is not a valid cURL handle resource /u02/vhi99/vhi_car/ThinkPHP/Library/Org/Weixinpay/Common_util_pub.class.php 第 299 行.
NOTIC: [8] Undefined index: err_code /u02/vhi99/vhi_car/ThinkPHP/Library/Org/Weixinpay/Weixinpay.class.php 第 232 行.

[ 2016-11-30T15:47:16+08:00 ] 171.82.225.177 /?m=Home&c=Payrecord&a=pay_now
INFO: [ app_begin ] --START--
INFO: Run Behavior\ReadHtmlCacheBehavior [ RunTime:0.000320s ]
INFO: [ app_begin ] --END-- [ RunTime:0.000554s ]
SQL: SHOW COLUMNS FROM `smart_payrecord` [ RunTime:0.0017s ]
SQL: SHOW COLUMNS FROM `smart_config` [ RunTime:0.0014s ]
SQL: SELECT `name`,`value` FROM `smart_config`  [ RunTime:0.0016s ]
NOTIC: [8] Undefined index: weixin /u02/vhi99/vhi_car/ThinkPHP/Library/Org/Weixinpay/Weixinpay.class.php 第 208 行.
NOTIC: [8] Use of undefined constant CURLOP_TIMEOUT - assumed 'CURLOP_TIMEOUT' /u02/vhi99/vhi_car/ThinkPHP/Library/Org/Weixinpay/Common_util_pub.class.php 第 259 行.
NOTIC: [2] curl_setopt() expects parameter 2 to be long, string given /u02/vhi99/vhi_car/ThinkPHP/Library/Org/Weixinpay/Common_util_pub.class.php 第 259 行.
NOTIC: [2] curl_close(): 38 is not a valid cURL handle resource /u02/vhi99/vhi_car/ThinkPHP/Library/Org/Weixinpay/Common_util_pub.class.php 第 299 行.
NOTIC: [8] Undefined index: err_code /u02/vhi99/vhi_car/ThinkPHP/Library/Org/Weixinpay/Weixinpay.class.php 第 232 行.

[ 2016-11-30T15:48:42+08:00 ] 171.82.225.177 /?m=Home&c=Payrecord&a=pay_now
INFO: [ app_begin ] --START--
INFO: Run Behavior\ReadHtmlCacheBehavior [ RunTime:0.000325s ]
INFO: [ app_begin ] --END-- [ RunTime:0.000559s ]
SQL: SHOW COLUMNS FROM `smart_payrecord` [ RunTime:0.0013s ]
SQL: SHOW COLUMNS FROM `smart_config` [ RunTime:0.0015s ]
SQL: SELECT `name`,`value` FROM `smart_config`  [ RunTime:0.0015s ]
NOTIC: [8] Undefined index: weixin /u02/vhi99/vhi_car/ThinkPHP/Library/Org/Weixinpay/Weixinpay.class.php 第 208 行.
NOTIC: [8] Use of undefined constant CURLOP_TIMEOUT - assumed 'CURLOP_TIMEOUT' /u02/vhi99/vhi_car/ThinkPHP/Library/Org/Weixinpay/Common_util_pub.class.php 第 259 行.
NOTIC: [2] curl_setopt() expects parameter 2 to be long, string given /u02/vhi99/vhi_car/ThinkPHP/Library/Org/Weixinpay/Common_util_pub.class.php 第 259 行.
NOTIC: [2] curl_close(): 38 is not a valid cURL handle resource /u02/vhi99/vhi_car/ThinkPHP/Library/Org/Weixinpay/Common_util_pub.class.php 第 299 行.
NOTIC: [8] Undefined index: err_code /u02/vhi99/vhi_car/ThinkPHP/Library/Org/Weixinpay/Weixinpay.class.php 第 232 行.

[ 2016-11-30T15:54:14+08:00 ] 171.82.225.177 /?m=Home&c=Payrecord&a=pay_now
INFO: [ app_begin ] --START--
INFO: Run Behavior\ReadHtmlCacheBehavior [ RunTime:0.000399s ]
INFO: [ app_begin ] --END-- [ RunTime:0.000645s ]
SQL: SHOW COLUMNS FROM `smart_payrecord` [ RunTime:0.0013s ]
SQL: SHOW COLUMNS FROM `smart_config` [ RunTime:0.0012s ]
SQL: SELECT `name`,`value` FROM `smart_config`  [ RunTime:0.0014s ]
NOTIC: [8] Undefined index: weixin /u02/vhi99/vhi_car/ThinkPHP/Library/Org/Weixinpay/Weixinpay.class.php 第 208 行.
NOTIC: [8] Use of undefined constant CURLOP_TIMEOUT - assumed 'CURLOP_TIMEOUT' /u02/vhi99/vhi_car/ThinkPHP/Library/Org/Weixinpay/Common_util_pub.class.php 第 259 行.
NOTIC: [2] curl_setopt() expects parameter 2 to be long, string given /u02/vhi99/vhi_car/ThinkPHP/Library/Org/Weixinpay/Common_util_pub.class.php 第 259 行.
NOTIC: [2] curl_close(): 38 is not a valid cURL handle resource /u02/vhi99/vhi_car/ThinkPHP/Library/Org/Weixinpay/Common_util_pub.class.php 第 299 行.
NOTIC: [8] Undefined index: err_code /u02/vhi99/vhi_car/ThinkPHP/Library/Org/Weixinpay/Weixinpay.class.php 第 232 行.

[ 2016-11-30T16:52:26+08:00 ] 171.82.225.177 /?m=Home&c=Payrecord&a=pay_now
INFO: [ app_begin ] --START--
INFO: Run Behavior\ReadHtmlCacheBehavior [ RunTime:0.000354s ]
INFO: [ app_begin ] --END-- [ RunTime:0.000609s ]
SQL: SHOW COLUMNS FROM `smart_payrecord` [ RunTime:0.0013s ]
SQL: SHOW COLUMNS FROM `smart_config` [ RunTime:0.0013s ]
SQL: SELECT `name`,`value` FROM `smart_config`  [ RunTime:0.0014s ]
NOTIC: [8] Undefined index: weixin /u02/vhi99/vhi_car/ThinkPHP/Library/Org/Weixinpay/Weixinpay.class.php 第 208 行.
NOTIC: [8] Use of undefined constant CURLOP_TIMEOUT - assumed 'CURLOP_TIMEOUT' /u02/vhi99/vhi_car/ThinkPHP/Library/Org/Weixinpay/Common_util_pub.class.php 第 259 行.
NOTIC: [2] curl_setopt() expects parameter 2 to be long, string given /u02/vhi99/vhi_car/ThinkPHP/Library/Org/Weixinpay/Common_util_pub.class.php 第 259 行.
NOTIC: [2] curl_close(): 38 is not a valid cURL handle resource /u02/vhi99/vhi_car/ThinkPHP/Library/Org/Weixinpay/Common_util_pub.class.php 第 299 行.
NOTIC: [8] Undefined index: err_code /u02/vhi99/vhi_car/ThinkPHP/Library/Org/Weixinpay/Weixinpay.class.php 第 232 行.

[ 2016-11-30T17:04:32+08:00 ] 171.82.225.177 /?m=Home&c=Payrecord&a=pay_now
INFO: [ app_begin ] --START--
INFO: Run Behavior\ReadHtmlCacheBehavior [ RunTime:0.000327s ]
INFO: [ app_begin ] --END-- [ RunTime:0.000566s ]
SQL: SHOW COLUMNS FROM `smart_payrecord` [ RunTime:0.0015s ]
SQL: SHOW COLUMNS FROM `smart_config` [ RunTime:0.0013s ]
SQL: SELECT `name`,`value` FROM `smart_config`  [ RunTime:0.0012s ]
NOTIC: [8] Undefined index: weixin /u02/vhi99/vhi_car/ThinkPHP/Library/Org/Weixinpay/Weixinpay.class.php 第 208 行.
NOTIC: [8] Use of undefined constant CURLOP_TIMEOUT - assumed 'CURLOP_TIMEOUT' /u02/vhi99/vhi_car/ThinkPHP/Library/Org/Weixinpay/Common_util_pub.class.php 第 259 行.
NOTIC: [2] curl_setopt() expects parameter 2 to be long, string given /u02/vhi99/vhi_car/ThinkPHP/Library/Org/Weixinpay/Common_util_pub.class.php 第 259 行.
NOTIC: [2] curl_close(): 38 is not a valid cURL handle resource /u02/vhi99/vhi_car/ThinkPHP/Library/Org/Weixinpay/Common_util_pub.class.php 第 299 行.
NOTIC: [8] Undefined index: err_code /u02/vhi99/vhi_car/ThinkPHP/Library/Org/Weixinpay/Weixinpay.class.php 第 232 行.

[ 2016-11-30T17:09:50+08:00 ] 171.82.225.177 /?m=Home&c=Payrecord&a=pay_now
INFO: [ app_begin ] --START--
INFO: Run Behavior\ReadHtmlCacheBehavior [ RunTime:0.000320s ]
INFO: [ app_begin ] --END-- [ RunTime:0.000571s ]
SQL: SHOW COLUMNS FROM `smart_payrecord` [ RunTime:0.0015s ]
SQL: SHOW COLUMNS FROM `smart_config` [ RunTime:0.0011s ]
SQL: SELECT `name`,`value` FROM `smart_config`  [ RunTime:0.0016s ]
NOTIC: [8] Undefined index: weixin /u02/vhi99/vhi_car/ThinkPHP/Library/Org/Weixinpay/Weixinpay.class.php 第 208 行.
NOTIC: [8] Use of undefined constant CURLOP_TIMEOUT - assumed 'CURLOP_TIMEOUT' /u02/vhi99/vhi_car/ThinkPHP/Library/Org/Weixinpay/Common_util_pub.class.php 第 259 行.
NOTIC: [2] curl_setopt() expects parameter 2 to be long, string given /u02/vhi99/vhi_car/ThinkPHP/Library/Org/Weixinpay/Common_util_pub.class.php 第 259 行.
NOTIC: [2] curl_close(): 38 is not a valid cURL handle resource /u02/vhi99/vhi_car/ThinkPHP/Library/Org/Weixinpay/Common_util_pub.class.php 第 299 行.
NOTIC: [8] Undefined index: err_code /u02/vhi99/vhi_car/ThinkPHP/Library/Org/Weixinpay/Weixinpay.class.php 第 232 行.

[ 2016-11-30T17:11:26+08:00 ] 171.82.225.177 /?m=Home&c=Payrecord&a=pay_now
INFO: [ app_begin ] --START--
INFO: Run Behavior\ReadHtmlCacheBehavior [ RunTime:0.000323s ]
INFO: [ app_begin ] --END-- [ RunTime:0.000561s ]
SQL: SHOW COLUMNS FROM `smart_payrecord` [ RunTime:0.0019s ]
SQL: SHOW COLUMNS FROM `smart_config` [ RunTime:0.0012s ]
SQL: SELECT `name`,`value` FROM `smart_config`  [ RunTime:0.0013s ]
NOTIC: [8] Undefined index: weixin /u02/vhi99/vhi_car/ThinkPHP/Library/Org/Weixinpay/Weixinpay.class.php 第 208 行.
NOTIC: [8] Use of undefined constant CURLOP_TIMEOUT - assumed 'CURLOP_TIMEOUT' /u02/vhi99/vhi_car/ThinkPHP/Library/Org/Weixinpay/Common_util_pub.class.php 第 259 行.
NOTIC: [2] curl_setopt() expects parameter 2 to be long, string given /u02/vhi99/vhi_car/ThinkPHP/Library/Org/Weixinpay/Common_util_pub.class.php 第 259 行.
NOTIC: [2] curl_close(): 38 is not a valid cURL handle resource /u02/vhi99/vhi_car/ThinkPHP/Library/Org/Weixinpay/Common_util_pub.class.php 第 299 行.
NOTIC: [8] Undefined index: err_code /u02/vhi99/vhi_car/ThinkPHP/Library/Org/Weixinpay/Weixinpay.class.php 第 232 行.

[ 2016-11-30T17:14:37+08:00 ] 171.82.225.177 /?m=Home&c=Payrecord&a=pay_now
INFO: [ app_begin ] --START--
INFO: Run Behavior\ReadHtmlCacheBehavior [ RunTime:0.000323s ]
INFO: [ app_begin ] --END-- [ RunTime:0.000560s ]
SQL: SHOW COLUMNS FROM `smart_payrecord` [ RunTime:0.0013s ]
SQL: SHOW COLUMNS FROM `smart_config` [ RunTime:0.0014s ]
SQL: SELECT `name`,`value` FROM `smart_config`  [ RunTime:0.0012s ]
NOTIC: [8] Undefined index: weixin /u02/vhi99/vhi_car/ThinkPHP/Library/Org/Weixinpay/Weixinpay.class.php 第 208 行.
NOTIC: [8] Use of undefined constant CURLOP_TIMEOUT - assumed 'CURLOP_TIMEOUT' /u02/vhi99/vhi_car/ThinkPHP/Library/Org/Weixinpay/Common_util_pub.class.php 第 259 行.
NOTIC: [2] curl_setopt() expects parameter 2 to be long, string given /u02/vhi99/vhi_car/ThinkPHP/Library/Org/Weixinpay/Common_util_pub.class.php 第 259 行.
NOTIC: [2] curl_close(): 38 is not a valid cURL handle resource /u02/vhi99/vhi_car/ThinkPHP/Library/Org/Weixinpay/Common_util_pub.class.php 第 299 行.
NOTIC: [8] Undefined index: err_code /u02/vhi99/vhi_car/ThinkPHP/Library/Org/Weixinpay/Weixinpay.class.php 第 232 行.

[ 2016-11-30T17:47:27+08:00 ] 221.232.52.45 /?m=Home&c=Payrecord&a=WeiXin_call_back
ERR: 参数错误或者未定义:xml

[ 2016-11-30T17:47:50+08:00 ] 221.232.52.45 /?m=Home&c=Payrecord&a=WeiXin_call_back&xml_str=%27%27
ERR: 参数错误或者未定义:xml

[ 2016-11-30T17:49:01+08:00 ] 221.232.52.45 /?m=Home&c=Payrecord&a=WeiXin_call_back&xml_str=%27%27
ERR: 参数错误或者未定义:xml

[ 2016-11-30T17:49:05+08:00 ] 221.232.52.45 /?m=Home&c=Payrecord&a=WeiXin_call_back&xml_str=%27%27
ERR: 参数错误或者未定义:xml

[ 2016-11-30T17:51:08+08:00 ] 171.82.225.177 /?m=Home&c=Payrecord&a=pay_now
INFO: [ app_begin ] --START--
INFO: Run Behavior\ReadHtmlCacheBehavior [ RunTime:0.000322s ]
INFO: [ app_begin ] --END-- [ RunTime:0.000573s ]
SQL: SHOW COLUMNS FROM `smart_payrecord` [ RunTime:0.0020s ]
SQL: SHOW COLUMNS FROM `smart_config` [ RunTime:0.0012s ]
SQL: SELECT `name`,`value` FROM `smart_config`  [ RunTime:0.0025s ]
NOTIC: [8] Undefined index: weixin /u02/vhi99/vhi_car/ThinkPHP/Library/Org/Weixinpay/Weixinpay.class.php 第 208 行.
NOTIC: [8] Use of undefined constant CURLOP_TIMEOUT - assumed 'CURLOP_TIMEOUT' /u02/vhi99/vhi_car/ThinkPHP/Library/Org/Weixinpay/Common_util_pub.class.php 第 259 行.
NOTIC: [2] curl_setopt() expects parameter 2 to be long, string given /u02/vhi99/vhi_car/ThinkPHP/Library/Org/Weixinpay/Common_util_pub.class.php 第 259 行.
NOTIC: [2] curl_close(): 38 is not a valid cURL handle resource /u02/vhi99/vhi_car/ThinkPHP/Library/Org/Weixinpay/Common_util_pub.class.php 第 299 行.
NOTIC: [8] Undefined index: err_code /u02/vhi99/vhi_car/ThinkPHP/Library/Org/Weixinpay/Weixinpay.class.php 第 232 行.

