[ 2016-11-10T14:21:04+08:00 ] 127.0.0.1 /index.php/Admin/Garage/delete.html?recod_id=
INFO: [ app_begin ] --START--
INFO: Run Behavior\ReadHtmlCacheBehavior [ RunTime:0.010000s ]
INFO: [ app_begin ] --END-- [ RunTime:0.010000s ]
SQL: SHOW COLUMNS FROM `smart_garage` [ RunTime:0.0000s ]
SQL: UPDATE `smart_garage` SET `is_del`='1' WHERE `garage_id` = 0 [ RunTime:0.0000s ]
INFO: [ app_end ] --START--
INFO: Run Behavior\ShowPageTraceBehavior [ RunTime:0.000000s ]
INFO: [ app_end ] --END-- [ RunTime:0.000000s ]

[ 2016-11-10T14:21:53+08:00 ] 127.0.0.1 /index.php/Admin/Garage/delete.html?recod_id=
INFO: [ app_begin ] --START--
INFO: Run Behavior\ReadHtmlCacheBehavior [ RunTime:0.000000s ]
INFO: [ app_begin ] --END-- [ RunTime:0.000000s ]
SQL: SHOW COLUMNS FROM `smart_garage` [ RunTime:0.0100s ]
SQL: UPDATE `smart_garage` SET `is_del`='1' WHERE `garage_id` = 0 [ RunTime:0.0000s ]
INFO: [ app_end ] --START--
INFO: Run Behavior\ShowPageTraceBehavior [ RunTime:0.000000s ]
INFO: [ app_end ] --END-- [ RunTime:0.000000s ]

[ 2016-11-10T14:22:47+08:00 ] 127.0.0.1 /index.php/Admin/Garage/delete.html?garage_id=3
INFO: [ app_begin ] --START--
INFO: Run Behavior\ReadHtmlCacheBehavior [ RunTime:0.000000s ]
INFO: [ app_begin ] --END-- [ RunTime:0.000000s ]
SQL: SHOW COLUMNS FROM `smart_garage` [ RunTime:0.0000s ]
SQL: UPDATE `smart_garage` SET `is_del`='1' WHERE `garage_id` = 3 [ RunTime:0.0000s ]
INFO: [ app_end ] --START--
INFO: Run Behavior\ShowPageTraceBehavior [ RunTime:0.000000s ]
INFO: [ app_end ] --END-- [ RunTime:0.000000s ]

[ 2016-11-10T14:22:58+08:00 ] 127.0.0.1 /index.php/Admin/Garage/recycle
ERR: 模板不存在:F:/parksystem/Admin/View/Garage/recycle.html

[ 2016-11-10T14:33:03+08:00 ] 127.0.0.1 /index.php/Admin/Garage/recover.html?garage_id=3
INFO: [ app_begin ] --START--
INFO: Run Behavior\ReadHtmlCacheBehavior [ RunTime:0.000000s ]
INFO: [ app_begin ] --END-- [ RunTime:0.000000s ]
SQL: SHOW COLUMNS FROM `smart_garage` [ RunTime:0.0100s ]
SQL: UPDATE `smart_garage` SET `is_del`='0' WHERE `garage_id` = 3 [ RunTime:0.0000s ]
INFO: [ app_end ] --START--
INFO: Run Behavior\ShowPageTraceBehavior [ RunTime:0.000000s ]
INFO: [ app_end ] --END-- [ RunTime:0.000000s ]

[ 2016-11-10T14:34:12+08:00 ] 127.0.0.1 /index.php/Admin/Garage/delete.html?garage_id=3
INFO: [ app_begin ] --START--
INFO: Run Behavior\ReadHtmlCacheBehavior [ RunTime:0.000000s ]
INFO: [ app_begin ] --END-- [ RunTime:0.000000s ]
SQL: SHOW COLUMNS FROM `smart_garage` [ RunTime:0.0100s ]
SQL: UPDATE `smart_garage` SET `is_del`='1' WHERE `garage_id` = 3 [ RunTime:0.0000s ]
INFO: [ app_end ] --START--
INFO: Run Behavior\ShowPageTraceBehavior [ RunTime:0.000000s ]
INFO: [ app_end ] --END-- [ RunTime:0.000000s ]

[ 2016-11-10T14:53:10+08:00 ] 127.0.0.1 /index.php/Admin/Garage/delete.html?garage_id=3
INFO: [ app_begin ] --START--
INFO: Run Behavior\ReadHtmlCacheBehavior [ RunTime:0.000000s ]
INFO: [ app_begin ] --END-- [ RunTime:0.000000s ]
SQL: SHOW COLUMNS FROM `smart_garage` [ RunTime:0.0100s ]
SQL: UPDATE `smart_garage` SET `is_del`='1' WHERE `garage_id` = 3 [ RunTime:0.0000s ]
INFO: [ app_end ] --START--
INFO: Run Behavior\ShowPageTraceBehavior [ RunTime:0.000000s ]
INFO: [ app_end ] --END-- [ RunTime:0.000000s ]

[ 2016-11-10T14:53:57+08:00 ] 127.0.0.1 /index.php/Admin/Garage/destroy.html?garage_id=3
INFO: [ app_begin ] --START--
INFO: Run Behavior\ReadHtmlCacheBehavior [ RunTime:0.000000s ]
INFO: [ app_begin ] --END-- [ RunTime:0.000000s ]
SQL: SHOW COLUMNS FROM `smart_garage` [ RunTime:0.0100s ]
SQL: SELECT * FROM `smart_garage` WHERE `garage_id` = 3 LIMIT 1   [ RunTime:0.0000s ]
SQL: DELETE FROM `smart_garage` WHERE `garage_id` = 3 [ RunTime:0.0000s ]
INFO: [ app_end ] --START--
INFO: Run Behavior\ShowPageTraceBehavior [ RunTime:0.000000s ]
INFO: [ app_end ] --END-- [ RunTime:0.000000s ]

[ 2016-11-10T14:58:47+08:00 ] 127.0.0.1 /index.php/Admin/Garage/delete.html?garage_id=4
INFO: [ app_begin ] --START--
INFO: Run Behavior\ReadHtmlCacheBehavior [ RunTime:0.000000s ]
INFO: [ app_begin ] --END-- [ RunTime:0.010000s ]
SQL: SHOW COLUMNS FROM `smart_garage` [ RunTime:0.0100s ]
SQL: UPDATE `smart_garage` SET `is_del`='1' WHERE `garage_id` = 4 [ RunTime:0.0000s ]
INFO: [ app_end ] --START--
INFO: Run Behavior\ShowPageTraceBehavior [ RunTime:0.000000s ]
INFO: [ app_end ] --END-- [ RunTime:0.000000s ]

[ 2016-11-10T14:59:33+08:00 ] 127.0.0.1 /index.php/Admin/Garage/destroy.html?garage_id=4
INFO: [ app_begin ] --START--
INFO: Run Behavior\ReadHtmlCacheBehavior [ RunTime:0.000000s ]
INFO: [ app_begin ] --END-- [ RunTime:0.001000s ]
SQL: SHOW COLUMNS FROM `smart_garage` [ RunTime:0.0090s ]
SQL: SELECT * FROM `smart_garage` WHERE `garage_id` = 4 LIMIT 1   [ RunTime:0.0010s ]
SQL: DELETE FROM `smart_garage` WHERE `garage_id` = 4 [ RunTime:0.0010s ]

[ 2016-11-10T15:00:47+08:00 ] 127.0.0.1 /index.php/Admin/Garage/
ERR: 非法操作:index

[ 2016-11-10T15:02:13+08:00 ] 127.0.0.1 /index.php/Admin/Garage/delete.html?garage_id=5
INFO: [ app_begin ] --START--
INFO: Run Behavior\ReadHtmlCacheBehavior [ RunTime:0.001000s ]
INFO: [ app_begin ] --END-- [ RunTime:0.001000s ]
SQL: SHOW COLUMNS FROM `smart_garage` [ RunTime:0.0100s ]
SQL: UPDATE `smart_garage` SET `is_del`='1' WHERE `garage_id` = 5 [ RunTime:0.0000s ]
INFO: [ app_end ] --START--
INFO: Run Behavior\ShowPageTraceBehavior [ RunTime:0.000000s ]
INFO: [ app_end ] --END-- [ RunTime:0.000000s ]

[ 2016-11-10T15:02:22+08:00 ] 127.0.0.1 /index.php/Admin/Garage/recover.html?garage_id=5
INFO: [ app_begin ] --START--
INFO: Run Behavior\ReadHtmlCacheBehavior [ RunTime:0.000000s ]
INFO: [ app_begin ] --END-- [ RunTime:0.002000s ]
SQL: SHOW COLUMNS FROM `smart_garage` [ RunTime:0.0100s ]
SQL: UPDATE `smart_garage` SET `is_del`='0' WHERE `garage_id` = 5 [ RunTime:0.0000s ]
INFO: [ app_end ] --START--
INFO: Run Behavior\ShowPageTraceBehavior [ RunTime:0.000000s ]
INFO: [ app_end ] --END-- [ RunTime:0.000000s ]

[ 2016-11-10T15:02:43+08:00 ] 127.0.0.1 /index.php/Admin/Garage/delete.html?garage_id=5
INFO: [ app_begin ] --START--
INFO: Run Behavior\ReadHtmlCacheBehavior [ RunTime:0.001000s ]
INFO: [ app_begin ] --END-- [ RunTime:0.001000s ]
SQL: SHOW COLUMNS FROM `smart_garage` [ RunTime:0.0100s ]
SQL: UPDATE `smart_garage` SET `is_del`='1' WHERE `garage_id` = 5 [ RunTime:0.0000s ]
INFO: [ app_end ] --START--
INFO: Run Behavior\ShowPageTraceBehavior [ RunTime:0.000000s ]
INFO: [ app_end ] --END-- [ RunTime:0.000000s ]

[ 2016-11-10T15:03:07+08:00 ] 127.0.0.1 /index.php/Admin/Garage/destroy.html?garage_id=5
INFO: [ app_begin ] --START--
INFO: Run Behavior\ReadHtmlCacheBehavior [ RunTime:0.001000s ]
INFO: [ app_begin ] --END-- [ RunTime:0.001000s ]
SQL: SHOW COLUMNS FROM `smart_garage` [ RunTime:0.0100s ]
SQL: SELECT * FROM `smart_garage` WHERE `garage_id` = 5 LIMIT 1   [ RunTime:0.0000s ]
SQL: DELETE FROM `smart_garage` WHERE `garage_id` = 5 [ RunTime:0.0000s ]
INFO: [ app_end ] --START--
INFO: Run Behavior\ShowPageTraceBehavior [ RunTime:0.000000s ]
INFO: [ app_end ] --END-- [ RunTime:0.000000s ]

[ 2016-11-10T15:05:46+08:00 ] 127.0.0.1 /index.php/Admin/Payrecord/detail/demo/ecommerce_order_invoices.php
INFO: [ app_begin ] --START--
INFO: Run Behavior\ReadHtmlCacheBehavior [ RunTime:0.001000s ]
INFO: [ app_begin ] --END-- [ RunTime:0.001000s ]
SQL: SHOW COLUMNS FROM `smart_payrecord` [ RunTime:0.0030s ]
SQL: SELECT * FROM `smart_payrecord` WHERE `pay_id` = 0 LIMIT 1   [ RunTime:0.0000s ]
SQL: SHOW COLUMNS FROM `smart_user` [ RunTime:0.0020s ]
SQL: SELECT * FROM `smart_user` LIMIT 1   [ RunTime:0.0010s ]
NOTIC: [8] Undefined variable: serv_info F:\parksystem\Admin\Controller\PayrecordController.class.php 第 106 行.
INFO: [ view_parse ] --START--
INFO: [ template_filter ] --START--
INFO: Run Behavior\ContentReplaceBehavior [ RunTime:0.001000s ]
INFO: [ template_filter ] --END-- [ RunTime:0.001000s ]
INFO: Run Behavior\ParseTemplateBehavior [ RunTime:0.046003s ]
INFO: [ view_parse ] --END-- [ RunTime:0.046003s ]
INFO: [ view_filter ] --START--
INFO: Run Behavior\WriteHtmlCacheBehavior [ RunTime:0.000000s ]
INFO: [ view_filter ] --END-- [ RunTime:0.000000s ]
INFO: [ app_end ] --START--
INFO: Run Behavior\ShowPageTraceBehavior [ RunTime:0.000000s ]
INFO: [ app_end ] --END-- [ RunTime:0.000000s ]

[ 2016-11-10T15:05:47+08:00 ] 127.0.0.1 /index.php/Admin/Payrecord/detail/demo/ecommerce_order_credit_memos.php
INFO: [ app_begin ] --START--
INFO: Run Behavior\ReadHtmlCacheBehavior [ RunTime:0.000000s ]
INFO: [ app_begin ] --END-- [ RunTime:0.001000s ]
SQL: SHOW COLUMNS FROM `smart_payrecord` [ RunTime:0.0050s ]
SQL: SELECT * FROM `smart_payrecord` WHERE `pay_id` = 0 LIMIT 1   [ RunTime:0.0000s ]
SQL: SHOW COLUMNS FROM `smart_user` [ RunTime:0.0030s ]
SQL: SELECT * FROM `smart_user` LIMIT 1   [ RunTime:0.0010s ]
NOTIC: [8] Undefined variable: serv_info F:\parksystem\Admin\Controller\PayrecordController.class.php 第 106 行.
INFO: [ view_parse ] --START--
INFO: [ template_filter ] --START--
INFO: Run Behavior\ContentReplaceBehavior [ RunTime:0.001001s ]
INFO: [ template_filter ] --END-- [ RunTime:0.001001s ]
INFO: Run Behavior\ParseTemplateBehavior [ RunTime:0.059004s ]
INFO: [ view_parse ] --END-- [ RunTime:0.059004s ]
INFO: [ view_filter ] --START--
INFO: Run Behavior\WriteHtmlCacheBehavior [ RunTime:0.000000s ]
INFO: [ view_filter ] --END-- [ RunTime:0.000000s ]
INFO: [ app_end ] --START--
INFO: Run Behavior\ShowPageTraceBehavior [ RunTime:0.001000s ]
INFO: [ app_end ] --END-- [ RunTime:0.001000s ]

[ 2016-11-10T15:05:48+08:00 ] 127.0.0.1 /index.php/Admin/Payrecord/detail/demo/ecommerce_order_history.php
INFO: [ app_begin ] --START--
INFO: Run Behavior\ReadHtmlCacheBehavior [ RunTime:0.001000s ]
INFO: [ app_begin ] --END-- [ RunTime:0.001000s ]
SQL: SHOW COLUMNS FROM `smart_payrecord` [ RunTime:0.0030s ]
SQL: SELECT * FROM `smart_payrecord` WHERE `pay_id` = 0 LIMIT 1   [ RunTime:0.0000s ]
SQL: SHOW COLUMNS FROM `smart_user` [ RunTime:0.0080s ]
SQL: SELECT * FROM `smart_user` LIMIT 1   [ RunTime:0.0000s ]
NOTIC: [8] Undefined variable: serv_info F:\parksystem\Admin\Controller\PayrecordController.class.php 第 106 行.
INFO: [ view_parse ] --START--
INFO: [ template_filter ] --START--
INFO: Run Behavior\ContentReplaceBehavior [ RunTime:0.002000s ]
INFO: [ template_filter ] --END-- [ RunTime:0.002000s ]
INFO: Run Behavior\ParseTemplateBehavior [ RunTime:0.070004s ]
INFO: [ view_parse ] --END-- [ RunTime:0.070004s ]
INFO: [ view_filter ] --START--
INFO: Run Behavior\WriteHtmlCacheBehavior [ RunTime:0.000000s ]
INFO: [ view_filter ] --END-- [ RunTime:0.000000s ]
INFO: [ app_end ] --START--
INFO: Run Behavior\ShowPageTraceBehavior [ RunTime:0.000000s ]
INFO: [ app_end ] --END-- [ RunTime:0.000000s ]

[ 2016-11-10T15:05:49+08:00 ] 127.0.0.1 /index.php/Admin/Payrecord/detail/demo/ecommerce_order_shipment.php
INFO: [ app_begin ] --START--
INFO: Run Behavior\ReadHtmlCacheBehavior [ RunTime:0.000000s ]
INFO: [ app_begin ] --END-- [ RunTime:0.001000s ]
SQL: SHOW COLUMNS FROM `smart_payrecord` [ RunTime:0.0050s ]
SQL: SELECT * FROM `smart_payrecord` WHERE `pay_id` = 0 LIMIT 1   [ RunTime:0.0000s ]
SQL: SHOW COLUMNS FROM `smart_user` [ RunTime:0.0050s ]
SQL: SELECT * FROM `smart_user` LIMIT 1   [ RunTime:0.0020s ]
NOTIC: [8] Undefined variable: serv_info F:\parksystem\Admin\Controller\PayrecordController.class.php 第 106 行.
INFO: [ view_parse ] --START--
INFO: [ template_filter ] --START--
INFO: Run Behavior\ContentReplaceBehavior [ RunTime:0.001001s ]
INFO: [ template_filter ] --END-- [ RunTime:0.001001s ]
INFO: Run Behavior\ParseTemplateBehavior [ RunTime:0.064004s ]
INFO: [ view_parse ] --END-- [ RunTime:0.064004s ]
INFO: [ view_filter ] --START--
INFO: Run Behavior\WriteHtmlCacheBehavior [ RunTime:0.000000s ]
INFO: [ view_filter ] --END-- [ RunTime:0.000000s ]
INFO: [ app_end ] --START--
INFO: Run Behavior\ShowPageTraceBehavior [ RunTime:0.000000s ]
INFO: [ app_end ] --END-- [ RunTime:0.000000s ]

[ 2016-11-10T15:15:29+08:00 ] 127.0.0.1 /index.php/Admin/demo/ecommerce_order_invoices.php
INFO: [ app_begin ] --START--
INFO: Run Behavior\ReadHtmlCacheBehavior [ RunTime:0.001000s ]
INFO: [ app_begin ] --END-- [ RunTime:0.002001s ]
ERR: 无法加载控制器:Demo

[ 2016-11-10T15:15:29+08:00 ] 127.0.0.1 /index.php/Admin/demo/ecommerce_order_credit_memos.php
INFO: [ app_begin ] --START--
INFO: Run Behavior\ReadHtmlCacheBehavior [ RunTime:0.001000s ]
INFO: [ app_begin ] --END-- [ RunTime:0.001000s ]
ERR: 无法加载控制器:Demo

[ 2016-11-10T15:15:29+08:00 ] 127.0.0.1 /index.php/Admin/demo/ecommerce_order_shipment.php
INFO: [ app_begin ] --START--
INFO: Run Behavior\ReadHtmlCacheBehavior [ RunTime:0.001000s ]
INFO: [ app_begin ] --END-- [ RunTime:0.001000s ]
ERR: 无法加载控制器:Demo

[ 2016-11-10T15:15:29+08:00 ] 127.0.0.1 /index.php/Admin/demo/ecommerce_order_history.php
INFO: [ app_begin ] --START--
INFO: Run Behavior\ReadHtmlCacheBehavior [ RunTime:0.000000s ]
INFO: [ app_begin ] --END-- [ RunTime:0.001000s ]
ERR: 无法加载控制器:Demo

[ 2016-11-10T15:17:02+08:00 ] 127.0.0.1 /index.php/Admin/Garage/detail/demo/ecommerce_order_invoices.php
INFO: [ app_begin ] --START--
INFO: Run Behavior\ReadHtmlCacheBehavior [ RunTime:0.000000s ]
INFO: [ app_begin ] --END-- [ RunTime:0.000000s ]
SQL: SHOW COLUMNS FROM `smart_garage` [ RunTime:0.0000s ]
SQL: SELECT * FROM `smart_garage` WHERE `garage_id` = 0 LIMIT 1   [ RunTime:0.0000s ]
INFO: [ view_parse ] --START--
INFO: [ template_filter ] --START--
INFO: Run Behavior\ContentReplaceBehavior [ RunTime:0.000000s ]
INFO: [ template_filter ] --END-- [ RunTime:0.000000s ]
NOTIC: [8] Undefined variable: car_info F:\parksystem\Runtime\Cache\Admin\7e4a5dc341000d7b3c16d48f6c803762.php 第 2134 行.
NOTIC: [8] Undefined variable: car_info F:\parksystem\Runtime\Cache\Admin\7e4a5dc341000d7b3c16d48f6c803762.php 第 2139 行.
NOTIC: [8] Undefined variable: car_info F:\parksystem\Runtime\Cache\Admin\7e4a5dc341000d7b3c16d48f6c803762.php 第 2149 行.
INFO: Run Behavior\ParseTemplateBehavior [ RunTime:0.050000s ]
INFO: [ view_parse ] --END-- [ RunTime:0.050000s ]
INFO: [ view_filter ] --START--
INFO: Run Behavior\WriteHtmlCacheBehavior [ RunTime:0.000000s ]
INFO: [ view_filter ] --END-- [ RunTime:0.000000s ]
INFO: [ app_end ] --START--
INFO: Run Behavior\ShowPageTraceBehavior [ RunTime:0.000000s ]
INFO: [ app_end ] --END-- [ RunTime:0.000000s ]

[ 2016-11-10T15:17:04+08:00 ] 127.0.0.1 /index.php/Admin/Garage/detail/demo/ecommerce_order_shipment.php
INFO: [ app_begin ] --START--
INFO: Run Behavior\ReadHtmlCacheBehavior [ RunTime:0.000000s ]
INFO: [ app_begin ] --END-- [ RunTime:0.000000s ]
SQL: SHOW COLUMNS FROM `smart_garage` [ RunTime:0.0000s ]
SQL: SELECT * FROM `smart_garage` WHERE `garage_id` = 0 LIMIT 1   [ RunTime:0.0000s ]
INFO: [ view_parse ] --START--
INFO: [ template_filter ] --START--
INFO: Run Behavior\ContentReplaceBehavior [ RunTime:0.010000s ]
INFO: [ template_filter ] --END-- [ RunTime:0.010000s ]
NOTIC: [8] Undefined variable: car_info F:\parksystem\Runtime\Cache\Admin\7e4a5dc341000d7b3c16d48f6c803762.php 第 2134 行.
NOTIC: [8] Undefined variable: car_info F:\parksystem\Runtime\Cache\Admin\7e4a5dc341000d7b3c16d48f6c803762.php 第 2139 行.
NOTIC: [8] Undefined variable: car_info F:\parksystem\Runtime\Cache\Admin\7e4a5dc341000d7b3c16d48f6c803762.php 第 2149 行.
INFO: Run Behavior\ParseTemplateBehavior [ RunTime:0.070001s ]
INFO: [ view_parse ] --END-- [ RunTime:0.071001s ]
INFO: [ view_filter ] --START--
INFO: Run Behavior\WriteHtmlCacheBehavior [ RunTime:0.001000s ]
INFO: [ view_filter ] --END-- [ RunTime:0.001000s ]
INFO: [ app_end ] --START--
INFO: Run Behavior\ShowPageTraceBehavior [ RunTime:0.001000s ]
INFO: [ app_end ] --END-- [ RunTime:0.001000s ]

[ 2016-11-10T15:17:05+08:00 ] 127.0.0.1 /index.php/Admin/Garage/detail/demo/ecommerce_order_credit_memos.php
INFO: [ app_begin ] --START--
INFO: Run Behavior\ReadHtmlCacheBehavior [ RunTime:0.000000s ]
INFO: [ app_begin ] --END-- [ RunTime:0.000000s ]
SQL: SHOW COLUMNS FROM `smart_garage` [ RunTime:0.0000s ]
SQL: SELECT * FROM `smart_garage` WHERE `garage_id` = 0 LIMIT 1   [ RunTime:0.0100s ]
INFO: [ view_parse ] --START--
INFO: [ template_filter ] --START--
INFO: Run Behavior\ContentReplaceBehavior [ RunTime:0.010000s ]
INFO: [ template_filter ] --END-- [ RunTime:0.010000s ]
NOTIC: [8] Undefined variable: car_info F:\parksystem\Runtime\Cache\Admin\7e4a5dc341000d7b3c16d48f6c803762.php 第 2134 行.
NOTIC: [8] Undefined variable: car_info F:\parksystem\Runtime\Cache\Admin\7e4a5dc341000d7b3c16d48f6c803762.php 第 2139 行.
NOTIC: [8] Undefined variable: car_info F:\parksystem\Runtime\Cache\Admin\7e4a5dc341000d7b3c16d48f6c803762.php 第 2149 行.
INFO: Run Behavior\ParseTemplateBehavior [ RunTime:0.050000s ]
INFO: [ view_parse ] --END-- [ RunTime:0.050000s ]
INFO: [ view_filter ] --START--
INFO: Run Behavior\WriteHtmlCacheBehavior [ RunTime:0.000000s ]
INFO: [ view_filter ] --END-- [ RunTime:0.000000s ]
INFO: [ app_end ] --START--
INFO: Run Behavior\ShowPageTraceBehavior [ RunTime:0.000000s ]
INFO: [ app_end ] --END-- [ RunTime:0.000000s ]

[ 2016-11-10T15:17:06+08:00 ] 127.0.0.1 /index.php/Admin/Garage/detail/demo/ecommerce_order_history.php
INFO: [ app_begin ] --START--
INFO: Run Behavior\ReadHtmlCacheBehavior [ RunTime:0.000000s ]
INFO: [ app_begin ] --END-- [ RunTime:0.000000s ]
SQL: SHOW COLUMNS FROM `smart_garage` [ RunTime:0.0000s ]
SQL: SELECT * FROM `smart_garage` WHERE `garage_id` = 0 LIMIT 1   [ RunTime:0.0000s ]
INFO: [ view_parse ] --START--
INFO: [ template_filter ] --START--
INFO: Run Behavior\ContentReplaceBehavior [ RunTime:0.010000s ]
INFO: [ template_filter ] --END-- [ RunTime:0.010000s ]
NOTIC: [8] Undefined variable: car_info F:\parksystem\Runtime\Cache\Admin\7e4a5dc341000d7b3c16d48f6c803762.php 第 2134 行.
NOTIC: [8] Undefined variable: car_info F:\parksystem\Runtime\Cache\Admin\7e4a5dc341000d7b3c16d48f6c803762.php 第 2139 行.
NOTIC: [8] Undefined variable: car_info F:\parksystem\Runtime\Cache\Admin\7e4a5dc341000d7b3c16d48f6c803762.php 第 2149 行.
INFO: Run Behavior\ParseTemplateBehavior [ RunTime:0.060001s ]
INFO: [ view_parse ] --END-- [ RunTime:0.060001s ]
INFO: [ view_filter ] --START--
INFO: Run Behavior\WriteHtmlCacheBehavior [ RunTime:0.000000s ]
INFO: [ view_filter ] --END-- [ RunTime:0.000000s ]
INFO: [ app_end ] --START--
INFO: Run Behavior\ShowPageTraceBehavior [ RunTime:0.000000s ]
INFO: [ app_end ] --END-- [ RunTime:0.000000s ]

[ 2016-11-10T15:24:05+08:00 ] 127.0.0.1 /index.php/Admin/Admin/index.html
ERR: 非法操作:index

[ 2016-11-10T15:37:59+08:00 ] 127.0.0.1 /index.php/Admin/assets/pages/img/%7B$Think.config.ADMIN_ASSETS_URL%7D
ERR: 无法加载控制器:Assets

[ 2016-11-10T15:38:01+08:00 ] 127.0.0.1 /index.php/Admin/assets/pages/img/%7B$Think.config.ADMIN_ASSETS_URL%7D
ERR: 无法加载控制器:Assets

[ 2016-11-10T15:38:02+08:00 ] 127.0.0.1 /index.php/Admin/assets/pages/img/%7B$Think.config.ADMIN_ASSETS_URL%7D
ERR: 无法加载控制器:Assets

[ 2016-11-10T15:38:02+08:00 ] 127.0.0.1 /index.php/Admin/assets/pages/img/%7B$Think.config.ADMIN_ASSETS_URL%7D
ERR: 无法加载控制器:Assets

[ 2016-11-10T15:38:03+08:00 ] 127.0.0.1 /index.php/Admin/assets/pages/img/%7B$Think.config.ADMIN_ASSETS_URL%7D
ERR: 无法加载控制器:Assets

[ 2016-11-10T15:38:04+08:00 ] 127.0.0.1 /index.php/Admin/assets/pages/img/%7B$Think.config.ADMIN_ASSETS_URL%7D
ERR: 无法加载控制器:Assets

[ 2016-11-10T15:38:04+08:00 ] 127.0.0.1 /index.php/Admin/assets/pages/img/%7B$Think.config.ADMIN_ASSETS_URL%7D
ERR: 无法加载控制器:Assets

[ 2016-11-10T15:38:05+08:00 ] 127.0.0.1 /index.php/Admin/assets/pages/img/%7B$Think.config.ADMIN_ASSETS_URL%7D
ERR: 无法加载控制器:Assets

[ 2016-11-10T15:38:58+08:00 ] 127.0.0.1 /index.php/Admin/assets/pages/img/%7B$Think.config.ADMIN_ASSETS_URL%7D
ERR: 无法加载控制器:Assets

[ 2016-11-10T15:39:00+08:00 ] 127.0.0.1 /index.php/Admin/assets/pages/img/%7B$Think.config.ADMIN_ASSETS_URL%7D
ERR: 无法加载控制器:Assets

[ 2016-11-10T16:46:37+08:00 ] 127.0.0.1 /index.php/Admin/Index/page_user_lock_1.html
ERR: 非法操作:page_user_lock_1

[ 2016-11-10T16:53:40+08:00 ] 127.0.0.1 /index.php/Admin/admin/
ERR: 非法操作:index

