[ 2016-11-09T09:20:04+08:00 ] 127.0.0.1 /index.php/Admin/Admin/update/ad_id/3
ERR: SQLSTATE[23000]: Integrity constraint violation: 1062 Duplicate entry 'xwang' for key 'ad_name'

[ 2016-11-09T10:15:31+08:00 ] 127.0.0.1 /index.php/Admin/Admin/delete.html?ad_id=
INFO: [ app_begin ] --START--
INFO: Run Behavior\ReadHtmlCacheBehavior [ RunTime:0.000000s ]
INFO: [ app_begin ] --END-- [ RunTime:0.000000s ]
SQL: SHOW COLUMNS FROM `smart_admin` [ RunTime:0.0000s ]
SQL: UPDATE `smart_admin` SET `is_check`='0' WHERE `ad_id` = 0 [ RunTime:0.0000s ]
INFO: [ app_end ] --START--
INFO: Run Behavior\ShowPageTraceBehavior [ RunTime:0.000000s ]
INFO: [ app_end ] --END-- [ RunTime:0.000000s ]

[ 2016-11-09T10:16:00+08:00 ] 127.0.0.1 /index.php/Admin/Admin/delete.html?ad_id=1
INFO: [ app_begin ] --START--
INFO: Run Behavior\ReadHtmlCacheBehavior [ RunTime:0.000000s ]
INFO: [ app_begin ] --END-- [ RunTime:0.001000s ]
SQL: SHOW COLUMNS FROM `smart_admin` [ RunTime:0.0000s ]
SQL: UPDATE `smart_admin` SET `is_check`='0' WHERE `ad_id` = 1 [ RunTime:0.0000s ]
INFO: [ app_end ] --START--
INFO: Run Behavior\ShowPageTraceBehavior [ RunTime:0.000000s ]
INFO: [ app_end ] --END-- [ RunTime:0.000000s ]

[ 2016-11-09T10:30:45+08:00 ] 127.0.0.1 /index.php/Admin/Admin/delete.html?ad_id=3
INFO: [ app_begin ] --START--
INFO: Run Behavior\ReadHtmlCacheBehavior [ RunTime:0.000000s ]
INFO: [ app_begin ] --END-- [ RunTime:0.001000s ]
SQL: SHOW COLUMNS FROM `smart_admin` [ RunTime:0.0090s ]
SQL: UPDATE `smart_admin` SET `is_check`='0' WHERE `ad_id` = 3 [ RunTime:0.0010s ]
INFO: [ app_end ] --START--
INFO: Run Behavior\ShowPageTraceBehavior [ RunTime:0.002000s ]
INFO: [ app_end ] --END-- [ RunTime:0.002000s ]

[ 2016-11-09T10:32:08+08:00 ] 127.0.0.1 /index.php/Admin/Admin/recover.html?ad_id=3
INFO: [ app_begin ] --START--
INFO: Run Behavior\ReadHtmlCacheBehavior [ RunTime:0.000000s ]
INFO: [ app_begin ] --END-- [ RunTime:0.001000s ]
SQL: SHOW COLUMNS FROM `smart_admin` [ RunTime:0.0080s ]
SQL: UPDATE `smart_admin` SET `is_check`='1' WHERE `ad_id` = 3 [ RunTime:0.0000s ]
INFO: [ app_end ] --START--
INFO: Run Behavior\ShowPageTraceBehavior [ RunTime:0.002000s ]
INFO: [ app_end ] --END-- [ RunTime:0.002000s ]

[ 2016-11-09T10:32:14+08:00 ] 127.0.0.1 /index.php/Admin/Admin/recover.html?ad_id=2
INFO: [ app_begin ] --START--
INFO: Run Behavior\ReadHtmlCacheBehavior [ RunTime:0.001000s ]
INFO: [ app_begin ] --END-- [ RunTime:0.001000s ]
SQL: SHOW COLUMNS FROM `smart_admin` [ RunTime:0.0090s ]
SQL: UPDATE `smart_admin` SET `is_check`='1' WHERE `ad_id` = 2 [ RunTime:0.0000s ]
INFO: [ app_end ] --START--
INFO: Run Behavior\ShowPageTraceBehavior [ RunTime:0.002001s ]
INFO: [ app_end ] --END-- [ RunTime:0.002001s ]

[ 2016-11-09T10:47:00+08:00 ] 127.0.0.1 /index.php/Admin/Admin/destroy.html?ad_id=2
INFO: [ app_begin ] --START--
INFO: Run Behavior\ReadHtmlCacheBehavior [ RunTime:0.015600s ]
INFO: [ app_begin ] --END-- [ RunTime:0.015600s ]
SQL: SHOW COLUMNS FROM `smart_admin` [ RunTime:0.0000s ]
SQL: DELETE FROM `smart_admin` WHERE `ad_id` = 2 [ RunTime:0.0000s ]
SQL: SELECT * FROM `smart_admin` WHERE `ad_id` = 2 LIMIT 1   [ RunTime:0.0000s ]
NOTIC: [2] unlink(): Invalid argument F:\parksystem\Admin\Model\AdminModel.class.php 第 110 行.
NOTIC: [2] unlink(): Invalid argument F:\parksystem\Admin\Model\AdminModel.class.php 第 113 行.
INFO: [ app_end ] --START--
INFO: Run Behavior\ShowPageTraceBehavior [ RunTime:0.000000s ]
INFO: [ app_end ] --END-- [ RunTime:0.000000s ]

[ 2016-11-09T10:52:00+08:00 ] 127.0.0.1 /index.php/Admin/Admin/destroy.html?ad_id=1
INFO: [ app_begin ] --START--
INFO: Run Behavior\ReadHtmlCacheBehavior [ RunTime:0.000000s ]
INFO: [ app_begin ] --END-- [ RunTime:0.000000s ]
SQL: SHOW COLUMNS FROM `smart_admin` [ RunTime:0.0000s ]
SQL: DELETE FROM `smart_admin` WHERE `ad_id` = 1 [ RunTime:0.0000s ]
SQL: SELECT * FROM `smart_admin` WHERE `ad_id` = 1 LIMIT 1   [ RunTime:0.0000s ]
NOTIC: [2] unlink(): Invalid argument F:\parksystem\Admin\Model\AdminModel.class.php 第 114 行.
NOTIC: [2] unlink(): Invalid argument F:\parksystem\Admin\Model\AdminModel.class.php 第 117 行.

[ 2016-11-09T10:55:27+08:00 ] 127.0.0.1 /index.php/Admin/Admin/destroy.html?ad_id=4
INFO: [ app_begin ] --START--
INFO: Run Behavior\ReadHtmlCacheBehavior [ RunTime:0.000000s ]
INFO: [ app_begin ] --END-- [ RunTime:0.000000s ]
SQL: SHOW COLUMNS FROM `smart_admin` [ RunTime:0.0000s ]
SQL: DELETE FROM `smart_admin` WHERE `ad_id` = 4 [ RunTime:0.0000s ]
SQL: SELECT * FROM `smart_admin` WHERE `ad_id` = 4 LIMIT 1   [ RunTime:0.0000s ]
NOTIC: [2] unlink(): Invalid argument F:\parksystem\Admin\Model\AdminModel.class.php 第 110 行.
NOTIC: [2] unlink(): Invalid argument F:\parksystem\Admin\Model\AdminModel.class.php 第 113 行.
INFO: [ app_end ] --START--
INFO: Run Behavior\ShowPageTraceBehavior [ RunTime:0.000000s ]
INFO: [ app_end ] --END-- [ RunTime:0.000000s ]

[ 2016-11-09T10:58:43+08:00 ] 127.0.0.1 /index.php/Admin/Admin/delete.html?car_id=
INFO: [ app_begin ] --START--
INFO: Run Behavior\ReadHtmlCacheBehavior [ RunTime:0.015600s ]
INFO: [ app_begin ] --END-- [ RunTime:0.015600s ]
SQL: SHOW COLUMNS FROM `smart_admin` [ RunTime:0.0000s ]
SQL: UPDATE `smart_admin` SET `is_check`='0' WHERE `ad_id` = 0 [ RunTime:0.0000s ]
INFO: [ app_end ] --START--
INFO: Run Behavior\ShowPageTraceBehavior [ RunTime:0.000000s ]
INFO: [ app_end ] --END-- [ RunTime:0.000000s ]

[ 2016-11-09T10:58:56+08:00 ] 127.0.0.1 /index.php/Admin/Admin/delete.html?ad_id=5
INFO: [ app_begin ] --START--
INFO: Run Behavior\ReadHtmlCacheBehavior [ RunTime:0.000000s ]
INFO: [ app_begin ] --END-- [ RunTime:0.000000s ]
SQL: SHOW COLUMNS FROM `smart_admin` [ RunTime:0.0000s ]
SQL: UPDATE `smart_admin` SET `is_check`='0' WHERE `ad_id` = 5 [ RunTime:0.0000s ]
INFO: [ app_end ] --START--
INFO: Run Behavior\ShowPageTraceBehavior [ RunTime:0.000000s ]
INFO: [ app_end ] --END-- [ RunTime:0.000000s ]

[ 2016-11-09T10:59:05+08:00 ] 127.0.0.1 /index.php/Admin/Admin/destroy.html?ad_id=5
INFO: [ app_begin ] --START--
INFO: Run Behavior\ReadHtmlCacheBehavior [ RunTime:0.000000s ]
INFO: [ app_begin ] --END-- [ RunTime:0.000000s ]
SQL: SHOW COLUMNS FROM `smart_admin` [ RunTime:0.0000s ]
SQL: SELECT * FROM `smart_admin` WHERE `ad_id` = 5 LIMIT 1   [ RunTime:0.0000s ]
SQL: DELETE FROM `smart_admin` WHERE `ad_id` = 5 [ RunTime:0.0000s ]
NOTIC: [8] Undefined index: old_sfzimg1 F:\parksystem\Admin\Model\AdminModel.class.php 第 106 行.
NOTIC: [8] Undefined index: old_sfzimg1 F:\parksystem\Admin\Model\AdminModel.class.php 第 107 行.
NOTIC: [2] unlink(): Invalid argument F:\parksystem\Admin\Model\AdminModel.class.php 第 107 行.
NOTIC: [8] Undefined index: old_sfzimg2 F:\parksystem\Admin\Model\AdminModel.class.php 第 109 行.
NOTIC: [8] Undefined index: old_sfzimg2 F:\parksystem\Admin\Model\AdminModel.class.php 第 110 行.
NOTIC: [2] unlink(): Invalid argument F:\parksystem\Admin\Model\AdminModel.class.php 第 110 行.
INFO: [ app_end ] --START--
INFO: Run Behavior\ShowPageTraceBehavior [ RunTime:0.000000s ]
INFO: [ app_end ] --END-- [ RunTime:0.000000s ]

[ 2016-11-09T11:02:03+08:00 ] 127.0.0.1 /index.php/Admin/Admin/destroy.html?ad_id=6
INFO: [ app_begin ] --START--
INFO: Run Behavior\ReadHtmlCacheBehavior [ RunTime:0.000000s ]
INFO: [ app_begin ] --END-- [ RunTime:0.001000s ]
SQL: SHOW COLUMNS FROM `smart_admin` [ RunTime:0.0080s ]
SQL: SELECT * FROM `smart_admin` WHERE `ad_id` = 6 LIMIT 1   [ RunTime:0.0010s ]
SQL: DELETE FROM `smart_admin` WHERE `ad_id` = 6 [ RunTime:0.0010s ]
INFO: [ app_end ] --START--
INFO: Run Behavior\ShowPageTraceBehavior [ RunTime:0.002000s ]
INFO: [ app_end ] --END-- [ RunTime:0.002000s ]

[ 2016-11-09T11:02:47+08:00 ] 127.0.0.1 /index.php/Admin/Admin/destroy.html?ad_id=7
INFO: [ app_begin ] --START--
INFO: Run Behavior\ReadHtmlCacheBehavior [ RunTime:0.000000s ]
INFO: [ app_begin ] --END-- [ RunTime:0.000000s ]
SQL: SHOW COLUMNS FROM `smart_admin` [ RunTime:0.0000s ]
SQL: SELECT * FROM `smart_admin` WHERE `ad_id` = 7 LIMIT 1   [ RunTime:0.0000s ]
SQL: DELETE FROM `smart_admin` WHERE `ad_id` = 7 [ RunTime:0.0000s ]
INFO: [ app_end ] --START--
INFO: Run Behavior\ShowPageTraceBehavior [ RunTime:0.000000s ]
INFO: [ app_end ] --END-- [ RunTime:0.000000s ]

