[ 2016-11-22T12:03:25+08:00 ] 221.232.52.45 /index.php/Admin/Garage/detail/demo/ecommerce_order_invoices.php
INFO: [ app_begin ] --START--
INFO: Run Behavior\ReadHtmlCacheBehavior [ RunTime:0.000032s ]
INFO: [ app_begin ] --END-- [ RunTime:0.000081s ]
SQL: SHOW COLUMNS FROM `smart_garage` [ RunTime:0.0017s ]
SQL: SELECT * FROM `smart_garage` WHERE `garage_id` = 0 LIMIT 1   [ RunTime:0.0007s ]
INFO: [ view_parse ] --START--
INFO: [ template_filter ] --START--
INFO: Run Behavior\ContentReplaceBehavior [ RunTime:0.000802s ]
INFO: [ template_filter ] --END-- [ RunTime:0.000876s ]
NOTIC: [8] Undefined variable: car_info /u02/vhi99/vhi_car/Runtime/Cache/Admin/9403134c1201590b17c4290e7676790a.php 第 2134 行.
NOTIC: [8] Undefined variable: car_info /u02/vhi99/vhi_car/Runtime/Cache/Admin/9403134c1201590b17c4290e7676790a.php 第 2139 行.
NOTIC: [8] Undefined variable: car_info /u02/vhi99/vhi_car/Runtime/Cache/Admin/9403134c1201590b17c4290e7676790a.php 第 2149 行.
INFO: Run Behavior\ParseTemplateBehavior [ RunTime:0.063643s ]
INFO: [ view_parse ] --END-- [ RunTime:0.063682s ]
INFO: [ view_filter ] --START--
INFO: Run Behavior\WriteHtmlCacheBehavior [ RunTime:0.000050s ]
INFO: [ view_filter ] --END-- [ RunTime:0.000081s ]
INFO: [ app_end ] --START--
INFO: Run Behavior\ShowPageTraceBehavior [ RunTime:0.000035s ]
INFO: [ app_end ] --END-- [ RunTime:0.000068s ]

[ 2016-11-22T12:03:25+08:00 ] 221.232.52.45 /index.php/Admin/Garage/detail/demo/ecommerce_order_history.php
INFO: [ app_begin ] --START--
INFO: Run Behavior\ReadHtmlCacheBehavior [ RunTime:0.000029s ]
INFO: [ app_begin ] --END-- [ RunTime:0.000077s ]
SQL: SHOW COLUMNS FROM `smart_garage` [ RunTime:0.0014s ]
SQL: SELECT * FROM `smart_garage` WHERE `garage_id` = 0 LIMIT 1   [ RunTime:0.0008s ]
INFO: [ view_parse ] --START--
INFO: [ template_filter ] --START--
INFO: Run Behavior\ContentReplaceBehavior [ RunTime:0.000802s ]
INFO: [ template_filter ] --END-- [ RunTime:0.000888s ]
NOTIC: [8] Undefined variable: car_info /u02/vhi99/vhi_car/Runtime/Cache/Admin/9403134c1201590b17c4290e7676790a.php 第 2134 行.
NOTIC: [8] Undefined variable: car_info /u02/vhi99/vhi_car/Runtime/Cache/Admin/9403134c1201590b17c4290e7676790a.php 第 2139 行.
NOTIC: [8] Undefined variable: car_info /u02/vhi99/vhi_car/Runtime/Cache/Admin/9403134c1201590b17c4290e7676790a.php 第 2149 行.
INFO: Run Behavior\ParseTemplateBehavior [ RunTime:0.062715s ]
INFO: [ view_parse ] --END-- [ RunTime:0.062754s ]
INFO: [ view_filter ] --START--
INFO: Run Behavior\WriteHtmlCacheBehavior [ RunTime:0.000047s ]
INFO: [ view_filter ] --END-- [ RunTime:0.000101s ]
INFO: [ app_end ] --START--
INFO: Run Behavior\ShowPageTraceBehavior [ RunTime:0.000037s ]
INFO: [ app_end ] --END-- [ RunTime:0.000076s ]

[ 2016-11-22T12:03:25+08:00 ] 221.232.52.45 /index.php/Admin/Garage/detail/demo/ecommerce_order_credit_memos.php
INFO: [ app_begin ] --START--
INFO: Run Behavior\ReadHtmlCacheBehavior [ RunTime:0.000033s ]
INFO: [ app_begin ] --END-- [ RunTime:0.000080s ]
SQL: SHOW COLUMNS FROM `smart_garage` [ RunTime:0.0014s ]
SQL: SELECT * FROM `smart_garage` WHERE `garage_id` = 0 LIMIT 1   [ RunTime:0.0007s ]
INFO: [ view_parse ] --START--
INFO: [ template_filter ] --START--
INFO: Run Behavior\ContentReplaceBehavior [ RunTime:0.000970s ]
INFO: [ template_filter ] --END-- [ RunTime:0.001040s ]
NOTIC: [8] Undefined variable: car_info /u02/vhi99/vhi_car/Runtime/Cache/Admin/9403134c1201590b17c4290e7676790a.php 第 2134 行.
NOTIC: [8] Undefined variable: car_info /u02/vhi99/vhi_car/Runtime/Cache/Admin/9403134c1201590b17c4290e7676790a.php 第 2139 行.
NOTIC: [8] Undefined variable: car_info /u02/vhi99/vhi_car/Runtime/Cache/Admin/9403134c1201590b17c4290e7676790a.php 第 2149 行.
INFO: Run Behavior\ParseTemplateBehavior [ RunTime:0.062879s ]
INFO: [ view_parse ] --END-- [ RunTime:0.062938s ]
INFO: [ view_filter ] --START--
INFO: Run Behavior\WriteHtmlCacheBehavior [ RunTime:0.000046s ]
INFO: [ view_filter ] --END-- [ RunTime:0.000079s ]
INFO: [ app_end ] --START--
INFO: Run Behavior\ShowPageTraceBehavior [ RunTime:0.000038s ]
INFO: [ app_end ] --END-- [ RunTime:0.000078s ]

[ 2016-11-22T12:03:25+08:00 ] 221.232.52.45 /index.php/Admin/Garage/detail/demo/ecommerce_order_shipment.php
INFO: [ app_begin ] --START--
INFO: Run Behavior\ReadHtmlCacheBehavior [ RunTime:0.000032s ]
INFO: [ app_begin ] --END-- [ RunTime:0.000085s ]
SQL: SHOW COLUMNS FROM `smart_garage` [ RunTime:0.0016s ]
SQL: SELECT * FROM `smart_garage` WHERE `garage_id` = 0 LIMIT 1   [ RunTime:0.0008s ]
INFO: [ view_parse ] --START--
INFO: [ template_filter ] --START--
INFO: Run Behavior\ContentReplaceBehavior [ RunTime:0.000756s ]
INFO: [ template_filter ] --END-- [ RunTime:0.000846s ]
NOTIC: [8] Undefined variable: car_info /u02/vhi99/vhi_car/Runtime/Cache/Admin/9403134c1201590b17c4290e7676790a.php 第 2134 行.
NOTIC: [8] Undefined variable: car_info /u02/vhi99/vhi_car/Runtime/Cache/Admin/9403134c1201590b17c4290e7676790a.php 第 2139 行.
NOTIC: [8] Undefined variable: car_info /u02/vhi99/vhi_car/Runtime/Cache/Admin/9403134c1201590b17c4290e7676790a.php 第 2149 行.
INFO: Run Behavior\ParseTemplateBehavior [ RunTime:0.063867s ]
INFO: [ view_parse ] --END-- [ RunTime:0.063912s ]
INFO: [ view_filter ] --START--
INFO: Run Behavior\WriteHtmlCacheBehavior [ RunTime:0.000052s ]
INFO: [ view_filter ] --END-- [ RunTime:0.000085s ]
INFO: [ app_end ] --START--
INFO: Run Behavior\ShowPageTraceBehavior [ RunTime:0.000038s ]
INFO: [ app_end ] --END-- [ RunTime:0.000076s ]

[ 2016-11-22T13:34:08+08:00 ] 221.232.52.45 /index.php/Admin/Garage/detail/demo/ecommerce_order_invoices.php
INFO: [ app_begin ] --START--
INFO: Run Behavior\ReadHtmlCacheBehavior [ RunTime:0.000037s ]
INFO: [ app_begin ] --END-- [ RunTime:0.000091s ]
SQL: SHOW COLUMNS FROM `smart_garage` [ RunTime:0.0016s ]
SQL: SELECT * FROM `smart_garage` WHERE `garage_id` = 0 LIMIT 1   [ RunTime:0.0009s ]
INFO: [ view_parse ] --START--
INFO: [ template_filter ] --START--
INFO: Run Behavior\ContentReplaceBehavior [ RunTime:0.000741s ]
INFO: [ template_filter ] --END-- [ RunTime:0.000811s ]
NOTIC: [8] Undefined variable: car_info /u02/vhi99/vhi_car/Runtime/Cache/Admin/9403134c1201590b17c4290e7676790a.php 第 2134 行.
NOTIC: [8] Undefined variable: car_info /u02/vhi99/vhi_car/Runtime/Cache/Admin/9403134c1201590b17c4290e7676790a.php 第 2139 行.
NOTIC: [8] Undefined variable: car_info /u02/vhi99/vhi_car/Runtime/Cache/Admin/9403134c1201590b17c4290e7676790a.php 第 2149 行.
INFO: Run Behavior\ParseTemplateBehavior [ RunTime:0.062363s ]
INFO: [ view_parse ] --END-- [ RunTime:0.062457s ]
INFO: [ view_filter ] --START--
INFO: Run Behavior\WriteHtmlCacheBehavior [ RunTime:0.000047s ]
INFO: [ view_filter ] --END-- [ RunTime:0.000079s ]
INFO: [ app_end ] --START--
INFO: Run Behavior\ShowPageTraceBehavior [ RunTime:0.000038s ]
INFO: [ app_end ] --END-- [ RunTime:0.000076s ]

[ 2016-11-22T13:34:08+08:00 ] 221.232.52.45 /index.php/Admin/Garage/detail/demo/ecommerce_order_shipment.php
INFO: [ app_begin ] --START--
INFO: Run Behavior\ReadHtmlCacheBehavior [ RunTime:0.000032s ]
INFO: [ app_begin ] --END-- [ RunTime:0.000081s ]
SQL: SHOW COLUMNS FROM `smart_garage` [ RunTime:0.0259s ]
SQL: SELECT * FROM `smart_garage` WHERE `garage_id` = 0 LIMIT 1   [ RunTime:0.0253s ]
INFO: [ view_parse ] --START--
INFO: [ template_filter ] --START--
INFO: Run Behavior\ContentReplaceBehavior [ RunTime:0.000825s ]
INFO: [ template_filter ] --END-- [ RunTime:0.000898s ]
NOTIC: [8] Undefined variable: car_info /u02/vhi99/vhi_car/Runtime/Cache/Admin/9403134c1201590b17c4290e7676790a.php 第 2134 行.
NOTIC: [8] Undefined variable: car_info /u02/vhi99/vhi_car/Runtime/Cache/Admin/9403134c1201590b17c4290e7676790a.php 第 2139 行.
NOTIC: [8] Undefined variable: car_info /u02/vhi99/vhi_car/Runtime/Cache/Admin/9403134c1201590b17c4290e7676790a.php 第 2149 行.
INFO: Run Behavior\ParseTemplateBehavior [ RunTime:0.062555s ]
INFO: [ view_parse ] --END-- [ RunTime:0.062608s ]
INFO: [ view_filter ] --START--
INFO: Run Behavior\WriteHtmlCacheBehavior [ RunTime:0.000047s ]
INFO: [ view_filter ] --END-- [ RunTime:0.000079s ]
INFO: [ app_end ] --START--
INFO: Run Behavior\ShowPageTraceBehavior [ RunTime:0.000038s ]
INFO: [ app_end ] --END-- [ RunTime:0.000076s ]

[ 2016-11-22T13:34:08+08:00 ] 221.232.52.45 /index.php/Admin/Garage/detail/demo/ecommerce_order_credit_memos.php
INFO: [ app_begin ] --START--
INFO: Run Behavior\ReadHtmlCacheBehavior [ RunTime:0.000033s ]
INFO: [ app_begin ] --END-- [ RunTime:0.000119s ]
SQL: SHOW COLUMNS FROM `smart_garage` [ RunTime:0.0281s ]
SQL: SELECT * FROM `smart_garage` WHERE `garage_id` = 0 LIMIT 1   [ RunTime:0.0282s ]
INFO: [ view_parse ] --START--
INFO: [ template_filter ] --START--
INFO: Run Behavior\ContentReplaceBehavior [ RunTime:0.000839s ]
INFO: [ template_filter ] --END-- [ RunTime:0.000910s ]
NOTIC: [8] Undefined variable: car_info /u02/vhi99/vhi_car/Runtime/Cache/Admin/9403134c1201590b17c4290e7676790a.php 第 2134 行.
NOTIC: [8] Undefined variable: car_info /u02/vhi99/vhi_car/Runtime/Cache/Admin/9403134c1201590b17c4290e7676790a.php 第 2139 行.
NOTIC: [8] Undefined variable: car_info /u02/vhi99/vhi_car/Runtime/Cache/Admin/9403134c1201590b17c4290e7676790a.php 第 2149 行.
INFO: Run Behavior\ParseTemplateBehavior [ RunTime:0.060690s ]
INFO: [ view_parse ] --END-- [ RunTime:0.060759s ]
INFO: [ view_filter ] --START--
INFO: Run Behavior\WriteHtmlCacheBehavior [ RunTime:0.000047s ]
INFO: [ view_filter ] --END-- [ RunTime:0.000078s ]
INFO: [ app_end ] --START--
INFO: Run Behavior\ShowPageTraceBehavior [ RunTime:0.000035s ]
INFO: [ app_end ] --END-- [ RunTime:0.000071s ]

[ 2016-11-22T13:34:08+08:00 ] 221.232.52.45 /index.php/Admin/Garage/detail/demo/ecommerce_order_history.php
INFO: [ app_begin ] --START--
INFO: Run Behavior\ReadHtmlCacheBehavior [ RunTime:0.000031s ]
INFO: [ app_begin ] --END-- [ RunTime:0.000089s ]
SQL: SHOW COLUMNS FROM `smart_garage` [ RunTime:0.0016s ]
SQL: SELECT * FROM `smart_garage` WHERE `garage_id` = 0 LIMIT 1   [ RunTime:0.0008s ]
INFO: [ view_parse ] --START--
INFO: [ template_filter ] --START--
INFO: Run Behavior\ContentReplaceBehavior [ RunTime:0.000765s ]
INFO: [ template_filter ] --END-- [ RunTime:0.000881s ]
NOTIC: [8] Undefined variable: car_info /u02/vhi99/vhi_car/Runtime/Cache/Admin/9403134c1201590b17c4290e7676790a.php 第 2134 行.
NOTIC: [8] Undefined variable: car_info /u02/vhi99/vhi_car/Runtime/Cache/Admin/9403134c1201590b17c4290e7676790a.php 第 2139 行.
NOTIC: [8] Undefined variable: car_info /u02/vhi99/vhi_car/Runtime/Cache/Admin/9403134c1201590b17c4290e7676790a.php 第 2149 行.
INFO: Run Behavior\ParseTemplateBehavior [ RunTime:0.063132s ]
INFO: [ view_parse ] --END-- [ RunTime:0.063177s ]
INFO: [ view_filter ] --START--
INFO: Run Behavior\WriteHtmlCacheBehavior [ RunTime:0.000052s ]
INFO: [ view_filter ] --END-- [ RunTime:0.000085s ]
INFO: [ app_end ] --START--
INFO: Run Behavior\ShowPageTraceBehavior [ RunTime:0.000035s ]
INFO: [ app_end ] --END-- [ RunTime:0.000070s ]

