[ 2016-11-07T09:06:59+08:00 ] 127.0.0.1 /index.php/Admin/Payrecord/detail/demo/ecommerce_order_invoices.php
INFO: [ app_begin ] --START--
INFO: Run Behavior\ReadHtmlCacheBehavior [ RunTime:0.000000s ]
INFO: [ app_begin ] --END-- [ RunTime:0.000000s ]
SQL: SHOW COLUMNS FROM `smart_payrecord` [ RunTime:0.0000s ]
SQL: SELECT * FROM `smart_payrecord` WHERE `pay_id` = 0 LIMIT 1   [ RunTime:0.0000s ]
SQL: SHOW COLUMNS FROM `smart_user` [ RunTime:0.0000s ]
SQL: SELECT * FROM `smart_user` LIMIT 1   [ RunTime:0.0000s ]
NOTIC: [8] Undefined variable: serv_info F:\parksystem\Admin\Controller\PayrecordController.class.php 第 106 行.
INFO: [ view_parse ] --START--
INFO: [ template_filter ] --START--
INFO: Run Behavior\ContentReplaceBehavior [ RunTime:0.000000s ]
INFO: [ template_filter ] --END-- [ RunTime:0.000000s ]
INFO: Run Behavior\ParseTemplateBehavior [ RunTime:0.046800s ]
INFO: [ view_parse ] --END-- [ RunTime:0.046800s ]
INFO: [ view_filter ] --START--
INFO: Run Behavior\WriteHtmlCacheBehavior [ RunTime:0.000000s ]
INFO: [ view_filter ] --END-- [ RunTime:0.000000s ]
INFO: [ app_end ] --START--
INFO: Run Behavior\ShowPageTraceBehavior [ RunTime:0.000000s ]
INFO: [ app_end ] --END-- [ RunTime:0.000000s ]

[ 2016-11-07T09:07:01+08:00 ] 127.0.0.1 /index.php/Admin/Payrecord/detail/demo/ecommerce_order_credit_memos.php
INFO: [ app_begin ] --START--
INFO: Run Behavior\ReadHtmlCacheBehavior [ RunTime:0.015600s ]
INFO: [ app_begin ] --END-- [ RunTime:0.015600s ]
SQL: SHOW COLUMNS FROM `smart_payrecord` [ RunTime:0.0000s ]
SQL: SELECT * FROM `smart_payrecord` WHERE `pay_id` = 0 LIMIT 1   [ RunTime:0.0000s ]
SQL: SHOW COLUMNS FROM `smart_user` [ RunTime:0.0000s ]
SQL: SELECT * FROM `smart_user` LIMIT 1   [ RunTime:0.0000s ]
NOTIC: [8] Undefined variable: serv_info F:\parksystem\Admin\Controller\PayrecordController.class.php 第 106 行.
INFO: [ view_parse ] --START--
INFO: [ template_filter ] --START--
INFO: Run Behavior\ContentReplaceBehavior [ RunTime:0.000000s ]
INFO: [ template_filter ] --END-- [ RunTime:0.000000s ]
INFO: Run Behavior\ParseTemplateBehavior [ RunTime:0.046800s ]
INFO: [ view_parse ] --END-- [ RunTime:0.046800s ]
INFO: [ view_filter ] --START--
INFO: Run Behavior\WriteHtmlCacheBehavior [ RunTime:0.000000s ]
INFO: [ view_filter ] --END-- [ RunTime:0.000000s ]
INFO: [ app_end ] --START--
INFO: Run Behavior\ShowPageTraceBehavior [ RunTime:0.000000s ]
INFO: [ app_end ] --END-- [ RunTime:0.000000s ]

[ 2016-11-07T09:07:02+08:00 ] 127.0.0.1 /index.php/Admin/Payrecord/detail/demo/ecommerce_order_shipment.php
INFO: [ app_begin ] --START--
INFO: Run Behavior\ReadHtmlCacheBehavior [ RunTime:0.000000s ]
INFO: [ app_begin ] --END-- [ RunTime:0.000000s ]
SQL: SHOW COLUMNS FROM `smart_payrecord` [ RunTime:0.0000s ]
SQL: SELECT * FROM `smart_payrecord` WHERE `pay_id` = 0 LIMIT 1   [ RunTime:0.0000s ]
SQL: SHOW COLUMNS FROM `smart_user` [ RunTime:0.0000s ]
SQL: SELECT * FROM `smart_user` LIMIT 1   [ RunTime:0.0000s ]
NOTIC: [8] Undefined variable: serv_info F:\parksystem\Admin\Controller\PayrecordController.class.php 第 106 行.
INFO: [ view_parse ] --START--
INFO: [ template_filter ] --START--
INFO: Run Behavior\ContentReplaceBehavior [ RunTime:0.000000s ]
INFO: [ template_filter ] --END-- [ RunTime:0.000000s ]
INFO: Run Behavior\ParseTemplateBehavior [ RunTime:0.046800s ]
INFO: [ view_parse ] --END-- [ RunTime:0.046800s ]
INFO: [ view_filter ] --START--
INFO: Run Behavior\WriteHtmlCacheBehavior [ RunTime:0.000000s ]
INFO: [ view_filter ] --END-- [ RunTime:0.000000s ]
INFO: [ app_end ] --START--
INFO: Run Behavior\ShowPageTraceBehavior [ RunTime:0.000000s ]
INFO: [ app_end ] --END-- [ RunTime:0.000000s ]

[ 2016-11-07T09:07:03+08:00 ] 127.0.0.1 /index.php/Admin/Payrecord/detail/demo/ecommerce_order_history.php
INFO: [ app_begin ] --START--
INFO: Run Behavior\ReadHtmlCacheBehavior [ RunTime:0.000000s ]
INFO: [ app_begin ] --END-- [ RunTime:0.000000s ]
SQL: SHOW COLUMNS FROM `smart_payrecord` [ RunTime:0.0000s ]
SQL: SELECT * FROM `smart_payrecord` WHERE `pay_id` = 0 LIMIT 1   [ RunTime:0.0000s ]
SQL: SHOW COLUMNS FROM `smart_user` [ RunTime:0.0000s ]
SQL: SELECT * FROM `smart_user` LIMIT 1   [ RunTime:0.0000s ]
NOTIC: [8] Undefined variable: serv_info F:\parksystem\Admin\Controller\PayrecordController.class.php 第 106 行.
INFO: [ view_parse ] --START--
INFO: [ template_filter ] --START--
INFO: Run Behavior\ContentReplaceBehavior [ RunTime:0.000000s ]
INFO: [ template_filter ] --END-- [ RunTime:0.000000s ]
INFO: Run Behavior\ParseTemplateBehavior [ RunTime:0.046800s ]
INFO: [ view_parse ] --END-- [ RunTime:0.046800s ]
INFO: [ view_filter ] --START--
INFO: Run Behavior\WriteHtmlCacheBehavior [ RunTime:0.000000s ]
INFO: [ view_filter ] --END-- [ RunTime:0.000000s ]
INFO: [ app_end ] --START--
INFO: Run Behavior\ShowPageTraceBehavior [ RunTime:0.000000s ]
INFO: [ app_end ] --END-- [ RunTime:0.000000s ]

[ 2016-11-07T14:17:14+08:00 ] 127.0.0.1 /index.php/Admin/Role/showlist.html
ERR: 无法加载控制器:Role

[ 2016-11-07T14:35:27+08:00 ] 127.0.0.1 /index.php/Admin/Auth/showlist.html
ERR: 无法加载控制器:Auth

[ 2016-11-07T16:34:26+08:00 ] 127.0.0.1 /index.php/Admin/Auth/destory.html?auth_id=8
INFO: [ app_begin ] --START--
INFO: Run Behavior\ReadHtmlCacheBehavior [ RunTime:0.001001s ]
INFO: [ app_begin ] --END-- [ RunTime:0.001001s ]
ERR: 非法操作:destory

[ 2016-11-07T16:34:41+08:00 ] 127.0.0.1 /index.php/Admin/Auth/destory.html?auth_id=8
INFO: [ app_begin ] --START--
INFO: Run Behavior\ReadHtmlCacheBehavior [ RunTime:0.000000s ]
INFO: [ app_begin ] --END-- [ RunTime:0.000000s ]
ERR: 非法操作:destory

[ 2016-11-07T16:35:40+08:00 ] 127.0.0.1 /index.php/Admin/Auth/destroy.html?auth_id=8
INFO: [ app_begin ] --START--
INFO: Run Behavior\ReadHtmlCacheBehavior [ RunTime:0.000000s ]
INFO: [ app_begin ] --END-- [ RunTime:0.000000s ]
SQL: SHOW COLUMNS FROM `smart_auth` [ RunTime:0.0000s ]
SQL: DELETE FROM `smart_auth` WHERE `auth_id` = 8 [ RunTime:0.0000s ]
INFO: [ app_end ] --START--
INFO: Run Behavior\ShowPageTraceBehavior [ RunTime:0.000000s ]
INFO: [ app_end ] --END-- [ RunTime:0.000000s ]

