[ 2016-11-14T10:12:57+08:00 ] 221.232.52.45 /index.php/Admin/
ERR: 无法加载控制器:Index.php

[ 2016-11-14T10:13:38+08:00 ] 221.232.52.45 /index.php/Admin/
ERR: 无法加载控制器:Index.php

[ 2016-11-14T16:15:18+08:00 ] 221.232.52.45 /index.php/Admin/Car/detail/demo/ecommerce_order_invoices.php
INFO: [ app_begin ] --START--
INFO: Run Behavior\ReadHtmlCacheBehavior [ RunTime:0.000348s ]
INFO: [ app_begin ] --END-- [ RunTime:0.000586s ]
SQL: SHOW COLUMNS FROM `smart_car` [ RunTime:0.0014s ]
SQL: SELECT * FROM `smart_car` WHERE `car_id` = 0 LIMIT 1   [ RunTime:0.0010s ]
INFO: [ view_parse ] --START--
INFO: [ template_filter ] --START--
INFO: Run Behavior\ContentReplaceBehavior [ RunTime:0.000553s ]
INFO: [ template_filter ] --END-- [ RunTime:0.000614s ]
INFO: Run Behavior\ParseTemplateBehavior [ RunTime:0.064249s ]
INFO: [ view_parse ] --END-- [ RunTime:0.064297s ]
INFO: [ view_filter ] --START--
INFO: Run Behavior\WriteHtmlCacheBehavior [ RunTime:0.000126s ]
INFO: [ view_filter ] --END-- [ RunTime:0.000170s ]
INFO: [ app_end ] --START--
INFO: Run Behavior\ShowPageTraceBehavior [ RunTime:0.000531s ]
INFO: [ app_end ] --END-- [ RunTime:0.000652s ]

[ 2016-11-14T16:15:18+08:00 ] 221.232.52.45 /index.php/Admin/Car/detail/demo/ecommerce_order_credit_memos.php
INFO: [ app_begin ] --START--
INFO: Run Behavior\ReadHtmlCacheBehavior [ RunTime:0.000358s ]
INFO: [ app_begin ] --END-- [ RunTime:0.000587s ]
SQL: SHOW COLUMNS FROM `smart_car` [ RunTime:0.0019s ]
SQL: SELECT * FROM `smart_car` WHERE `car_id` = 0 LIMIT 1   [ RunTime:0.0010s ]
INFO: [ view_parse ] --START--
INFO: [ template_filter ] --START--
INFO: Run Behavior\ContentReplaceBehavior [ RunTime:0.000566s ]
INFO: [ template_filter ] --END-- [ RunTime:0.000639s ]
INFO: Run Behavior\ParseTemplateBehavior [ RunTime:0.064355s ]
INFO: [ view_parse ] --END-- [ RunTime:0.064410s ]
INFO: [ view_filter ] --START--
INFO: Run Behavior\WriteHtmlCacheBehavior [ RunTime:0.000143s ]
INFO: [ view_filter ] --END-- [ RunTime:0.000187s ]
INFO: [ app_end ] --START--
INFO: Run Behavior\ShowPageTraceBehavior [ RunTime:0.000412s ]
INFO: [ app_end ] --END-- [ RunTime:0.000458s ]

[ 2016-11-14T16:15:18+08:00 ] 221.232.52.45 /index.php/Admin/Car/detail/demo/ecommerce_order_shipment.php
INFO: [ app_begin ] --START--
INFO: Run Behavior\ReadHtmlCacheBehavior [ RunTime:0.000369s ]
INFO: [ app_begin ] --END-- [ RunTime:0.000595s ]
SQL: SHOW COLUMNS FROM `smart_car` [ RunTime:0.0012s ]
SQL: SELECT * FROM `smart_car` WHERE `car_id` = 0 LIMIT 1   [ RunTime:0.0007s ]
INFO: [ view_parse ] --START--
INFO: [ template_filter ] --START--
INFO: Run Behavior\ContentReplaceBehavior [ RunTime:0.000553s ]
INFO: [ template_filter ] --END-- [ RunTime:0.000623s ]
INFO: Run Behavior\ParseTemplateBehavior [ RunTime:0.062918s ]
INFO: [ view_parse ] --END-- [ RunTime:0.062965s ]
INFO: [ view_filter ] --START--
INFO: Run Behavior\WriteHtmlCacheBehavior [ RunTime:0.000136s ]
INFO: [ view_filter ] --END-- [ RunTime:0.000175s ]
INFO: [ app_end ] --START--
INFO: Run Behavior\ShowPageTraceBehavior [ RunTime:0.000388s ]
INFO: [ app_end ] --END-- [ RunTime:0.000430s ]

[ 2016-11-14T16:15:18+08:00 ] 221.232.52.45 /index.php/Admin/Car/detail/demo/ecommerce_order_history.php
INFO: [ app_begin ] --START--
INFO: Run Behavior\ReadHtmlCacheBehavior [ RunTime:0.000315s ]
INFO: [ app_begin ] --END-- [ RunTime:0.000567s ]
SQL: SHOW COLUMNS FROM `smart_car` [ RunTime:0.0021s ]
SQL: SELECT * FROM `smart_car` WHERE `car_id` = 0 LIMIT 1   [ RunTime:0.0011s ]
INFO: [ view_parse ] --START--
INFO: [ template_filter ] --START--
INFO: Run Behavior\ContentReplaceBehavior [ RunTime:0.000525s ]
INFO: [ template_filter ] --END-- [ RunTime:0.000617s ]
INFO: Run Behavior\ParseTemplateBehavior [ RunTime:0.063235s ]
INFO: [ view_parse ] --END-- [ RunTime:0.063280s ]
INFO: [ view_filter ] --START--
INFO: Run Behavior\WriteHtmlCacheBehavior [ RunTime:0.000132s ]
INFO: [ view_filter ] --END-- [ RunTime:0.000168s ]
INFO: [ app_end ] --START--
INFO: Run Behavior\ShowPageTraceBehavior [ RunTime:0.000360s ]
INFO: [ app_end ] --END-- [ RunTime:0.000405s ]

[ 2016-11-14T16:15:37+08:00 ] 221.232.52.45 /index.php/Admin/Servicerecord/dashboard_2.html
ERR: 非法操作:dashboard_2

[ 2016-11-14T18:13:07+08:00 ] 221.232.52.45 /index.php/Admin/Car/dashboard_2.html
ERR: 非法操作:dashboard_2

[ 2016-11-14T18:13:09+08:00 ] 221.232.52.45 /index.php/Admin/Car/dashboard_3.html
ERR: 非法操作:dashboard_3

[ 2016-11-14T18:13:11+08:00 ] 221.232.52.45 /index.php/Admin/Car/index.html
ERR: 非法操作:index

