[ 2016-10-19T16:56:52+08:00 ] 127.0.0.1 /index.php/Admin
INFO: [ app_init ] --START--
INFO: Run Behavior\BuildLiteBehavior [ RunTime:0.000000s ]
INFO: [ app_init ] --END-- [ RunTime:0.000000s ]
INFO: [ app_begin ] --START--
INFO: Run Behavior\ReadHtmlCacheBehavior [ RunTime:0.001000s ]
INFO: [ app_begin ] --END-- [ RunTime:0.001000s ]
INFO: [ app_end ] --START--
INFO: Run Behavior\ShowPageTraceBehavior [ RunTime:0.001000s ]
INFO: [ app_end ] --END-- [ RunTime:0.001000s ]

[ 2016-10-19T17:04:15+08:00 ] 127.0.0.1 /index.php/Admin
INFO: [ app_init ] --START--
INFO: Run Behavior\BuildLiteBehavior [ RunTime:0.000000s ]
INFO: [ app_init ] --END-- [ RunTime:0.001000s ]
INFO: [ app_begin ] --START--
INFO: Run Behavior\ReadHtmlCacheBehavior [ RunTime:0.000000s ]
INFO: [ app_begin ] --END-- [ RunTime:0.000000s ]
ERR: 模板不存在:F:/parksystem/Admin/View/Index/index.php

[ 2016-10-19T17:05:36+08:00 ] 127.0.0.1 /index.php/Admin
INFO: [ app_init ] --START--
INFO: Run Behavior\BuildLiteBehavior [ RunTime:0.000000s ]
INFO: [ app_init ] --END-- [ RunTime:0.000000s ]
INFO: [ app_begin ] --START--
INFO: Run Behavior\ReadHtmlCacheBehavior [ RunTime:0.001000s ]
INFO: [ app_begin ] --END-- [ RunTime:0.001000s ]
INFO: [ view_parse ] --START--
INFO: [ template_filter ] --START--
INFO: Run Behavior\ContentReplaceBehavior [ RunTime:0.000000s ]
INFO: [ template_filter ] --END-- [ RunTime:0.001000s ]
NOTIC: [8] Undefined variable: static_path F:\parksystem\Runtime\Cache\Admin\a571929d955c3dd864556158938374e7.php 第 9 行.
NOTIC: [8] Undefined variable: config F:\parksystem\Runtime\Cache\Admin\a571929d955c3dd864556158938374e7.php 第 11 行.
NOTIC: [8] Undefined index: module F:\parksystem\Runtime\Cache\Admin\a571929d955c3dd864556158938374e7.php 第 13 行.
NOTIC: [8] Undefined index: action F:\parksystem\Runtime\Cache\Admin\a571929d955c3dd864556158938374e7.php 第 13 行.
NOTIC: [8] Undefined index: url F:\parksystem\Runtime\Cache\Admin\a571929d955c3dd864556158938374e7.php 第 13 行.
NOTIC: [8] Undefined variable: static_public F:\parksystem\Runtime\Cache\Admin\a571929d955c3dd864556158938374e7.php 第 17 行.
NOTIC: [8] Undefined variable: static_public F:\parksystem\Runtime\Cache\Admin\a571929d955c3dd864556158938374e7.php 第 19 行.
NOTIC: [8] Undefined variable: static_public F:\parksystem\Runtime\Cache\Admin\a571929d955c3dd864556158938374e7.php 第 21 行.
NOTIC: [8] Undefined variable: system_session F:\parksystem\Runtime\Cache\Admin\a571929d955c3dd864556158938374e7.php 第 31 行.
NOTIC: [8] Undefined variable: system_session F:\parksystem\Runtime\Cache\Admin\a571929d955c3dd864556158938374e7.php 第 35 行.
NOTIC: [8] Undefined variable: system_session F:\parksystem\Runtime\Cache\Admin\a571929d955c3dd864556158938374e7.php 第 37 行.
NOTIC: [8] Undefined variable: system_session F:\parksystem\Runtime\Cache\Admin\a571929d955c3dd864556158938374e7.php 第 37 行.
NOTIC: [8] Undefined variable: config F:\parksystem\Runtime\Cache\Admin\a571929d955c3dd864556158938374e7.php 第 37 行.
NOTIC: [8] Undefined variable: system_menu F:\parksystem\Runtime\Cache\Admin\a571929d955c3dd864556158938374e7.php 第 43 行.
NOTIC: [8] Undefined variable: system_menu F:\parksystem\Runtime\Cache\Admin\a571929d955c3dd864556158938374e7.php 第 73 行.
NOTIC: [8] Undefined variable: static_path F:\parksystem\Runtime\Cache\Admin\a571929d955c3dd864556158938374e7.php 第 87 行.
NOTIC: [8] Undefined variable: static_path F:\parksystem\Runtime\Cache\Admin\a571929d955c3dd864556158938374e7.php 第 89 行.
NOTIC: [8] Undefined variable: system_session F:\parksystem\Runtime\Cache\Admin\a571929d955c3dd864556158938374e7.php 第 97 行.
NOTIC: [8] Undefined variable: static_path F:\parksystem\Runtime\Cache\Admin\a571929d955c3dd864556158938374e7.php 第 99 行.
INFO: Run Behavior\ParseTemplateBehavior [ RunTime:0.015000s ]
INFO: [ view_parse ] --END-- [ RunTime:0.015000s ]
INFO: [ view_filter ] --START--
INFO: Run Behavior\WriteHtmlCacheBehavior [ RunTime:0.001000s ]
INFO: [ view_filter ] --END-- [ RunTime:0.001000s ]
INFO: [ app_end ] --START--
INFO: Run Behavior\ShowPageTraceBehavior [ RunTime:0.001000s ]
INFO: [ app_end ] --END-- [ RunTime:0.001000s ]

